Using pre-set license
Built from '2021.3/staging' branch; Version is '2021.3.2f1 (d6360bedb9a0) revision 14038539'; Using compiler version '192829333'; Build Type 'Release'
OS: 'Windows 10  (10.0.19042) 64bit Professional' Language: 'ko' Physical Memory: 16297 MB
BatchMode: 1, IsHumanControllingUs: 0, StartBugReporterOnCrash: 0, Is64bit: 1, IsPro: 1

COMMAND LINE ARGUMENTS:
C:\Program Files\Unity\Hub\Editor\2021.3.2f1\Editor\Unity.exe
-adb2
-batchMode
-noUpm
-name
AssetImportWorker0
-projectPath
C:/Users/OFFICE/Desktop/Multi-FPS/Multi FPS
-logFile
Logs/AssetImportWorker0.log
-srvPort
56187
Successfully changed project path to: C:/Users/OFFICE/Desktop/Multi-FPS/Multi FPS
C:/Users/OFFICE/Desktop/Multi-FPS/Multi FPS
[UnityMemory] Configuration Parameters - Can be set up in boot.config
    "memorysetup-bucket-allocator-granularity=16"
    "memorysetup-bucket-allocator-bucket-count=8"
    "memorysetup-bucket-allocator-block-size=33554432"
    "memorysetup-bucket-allocator-block-count=8"
    "memorysetup-main-allocator-block-size=16777216"
    "memorysetup-thread-allocator-block-size=16777216"
    "memorysetup-gfx-main-allocator-block-size=16777216"
    "memorysetup-gfx-thread-allocator-block-size=16777216"
    "memorysetup-cache-allocator-block-size=4194304"
    "memorysetup-typetree-allocator-block-size=2097152"
    "memorysetup-profiler-bucket-allocator-granularity=16"
    "memorysetup-profiler-bucket-allocator-bucket-count=8"
    "memorysetup-profiler-bucket-allocator-block-size=33554432"
    "memorysetup-profiler-bucket-allocator-block-count=8"
    "memorysetup-profiler-allocator-block-size=16777216"
    "memorysetup-profiler-editor-allocator-block-size=1048576"
    "memorysetup-temp-allocator-size-main=16777216"
    "memorysetup-job-temp-allocator-block-size=2097152"
    "memorysetup-job-temp-allocator-block-size-background=1048576"
    "memorysetup-job-temp-allocator-reduction-small-platforms=262144"
    "memorysetup-temp-allocator-size-background-worker=32768"
    "memorysetup-temp-allocator-size-job-worker=262144"
    "memorysetup-temp-allocator-size-preload-manager=33554432"
    "memorysetup-temp-allocator-size-nav-mesh-worker=65536"
    "memorysetup-temp-allocator-size-audio-worker=65536"
    "memorysetup-temp-allocator-size-cloud-worker=32768"
    "memorysetup-temp-allocator-size-gi-baking-worker=262144"
    "memorysetup-temp-allocator-size-gfx=262144"
Refreshing native plugins compatible for Editor in 78.58 ms, found 6 plugins.
Preloading 0 native plugins for Editor in 0.00 ms.
Initialize engine version: 2021.3.2f1 (d6360bedb9a0)
[Subsystems] Discovering subsystems at path C:/Program Files/Unity/Hub/Editor/2021.3.2f1/Editor/Data/Resources/UnitySubsystems
[Subsystems] Discovering subsystems at path C:/Users/OFFICE/Desktop/Multi-FPS/Multi FPS/Assets
GfxDevice: creating device client; threaded=0; jobified=0
Direct3D:
    Version:  Direct3D 11.0 [level 11.1]
    Renderer: NVIDIA GeForce GTX 1660 (ID=0x2184)
    Vendor:   NVIDIA
    VRAM:     5991 MB
    Driver:   27.21.14.5671
Initialize mono
Mono path[0] = 'C:/Program Files/Unity/Hub/Editor/2021.3.2f1/Editor/Data/Managed'
Mono path[1] = 'C:/Program Files/Unity/Hub/Editor/2021.3.2f1/Editor/Data/MonoBleedingEdge/lib/mono/unityjit-win32'
Mono config path = 'C:/Program Files/Unity/Hub/Editor/2021.3.2f1/Editor/Data/MonoBleedingEdge/etc'
Using monoOptions --debugger-agent=transport=dt_socket,embedding=1,server=y,suspend=n,address=127.0.0.1:56272
Begin MonoManager ReloadAssembly
Registering precompiled unity dll's ...
Register platform support module: C:/Program Files/Unity/Hub/Editor/2021.3.2f1/Editor/Data/PlaybackEngines/iOSSupport/UnityEditor.iOS.Extensions.dll
Register platform support module: C:/Program Files/Unity/Hub/Editor/2021.3.2f1/Editor/Data/PlaybackEngines/WindowsStandaloneSupport/UnityEditor.WindowsStandalone.Extensions.dll
Registered in 0.003901 seconds.
Native extension for WindowsStandalone target not found
[usbmuxd] Start listen thread
[usbmuxd] Listen thread started
Native extension for iOS target not found
Refreshing native plugins compatible for Editor in 74.82 ms, found 6 plugins.
Preloading 0 native plugins for Editor in 0.00 ms.
Mono: successfully reloaded assembly
- Completed reload, in  0.514 seconds
Domain Reload Profiling:
	ReloadAssembly (514ms)
		BeginReloadAssembly (54ms)
			ExecutionOrderSort (0ms)
			DisableScriptedObjects (0ms)
			BackupInstance (0ms)
			ReleaseScriptingObjects (0ms)
			CreateAndSetChildDomain (1ms)
		EndReloadAssembly (376ms)
			LoadAssemblies (53ms)
			RebuildTransferFunctionScriptingTraits (0ms)
			SetupTypeCache (84ms)
			ReleaseScriptCaches (0ms)
			RebuildScriptCaches (22ms)
			SetupLoadedEditorAssemblies (229ms)
				LogAssemblyErrors (0ms)
				InitializePlatformSupportModulesInManaged (19ms)
				SetLoadedEditorAssemblies (0ms)
				RefreshPlugins (75ms)
				BeforeProcessingInitializeOnLoad (1ms)
				ProcessInitializeOnLoadAttributes (98ms)
				ProcessInitializeOnLoadMethodAttributes (36ms)
				AfterProcessingInitializeOnLoad (0ms)
				EditorAssembliesLoaded (0ms)
			ExecutionOrderSort2 (0ms)
			AwakeInstancesAfterBackupRestoration (0ms)
Platform modules already initialized, skipping
Registering precompiled user dll's ...
Registered in 0.005112 seconds.
Begin MonoManager ReloadAssembly
Symbol file LoadedFromMemory doesn't match image C:\Users\OFFICE\Desktop\Multi-FPS\Multi FPS\Library\PackageCache\com.unity.visualscripting@1.7.6\Editor\VisualScripting.Core\Dependencies\DotNetZip\Unity.VisualScripting.IonicZip.dll
Symbol file LoadedFromMemory doesn't match image C:\Users\OFFICE\Desktop\Multi-FPS\Multi FPS\Library\PackageCache\com.unity.visualscripting@1.7.6\Editor\VisualScripting.Core\Dependencies\YamlDotNet\Unity.VisualScripting.YamlDotNet.dll
Native extension for WindowsStandalone target not found
Native extension for iOS target not found
Refreshing native plugins compatible for Editor in 0.78 ms, found 6 plugins.
Preloading 0 native plugins for Editor in 0.00 ms.
Mono: successfully reloaded assembly
- Completed reload, in  0.985 seconds
Domain Reload Profiling:
	ReloadAssembly (985ms)
		BeginReloadAssembly (83ms)
			ExecutionOrderSort (0ms)
			DisableScriptedObjects (5ms)
			BackupInstance (0ms)
			ReleaseScriptingObjects (0ms)
			CreateAndSetChildDomain (15ms)
		EndReloadAssembly (812ms)
			LoadAssemblies (60ms)
			RebuildTransferFunctionScriptingTraits (0ms)
			SetupTypeCache (226ms)
			ReleaseScriptCaches (1ms)
			RebuildScriptCaches (50ms)
			SetupLoadedEditorAssemblies (439ms)
				LogAssemblyErrors (0ms)
				InitializePlatformSupportModulesInManaged (16ms)
				SetLoadedEditorAssemblies (0ms)
				RefreshPlugins (1ms)
				BeforeProcessingInitializeOnLoad (73ms)
				ProcessInitializeOnLoadAttributes (321ms)
				ProcessInitializeOnLoadMethodAttributes (24ms)
				AfterProcessingInitializeOnLoad (4ms)
				EditorAssembliesLoaded (0ms)
			ExecutionOrderSort2 (0ms)
			AwakeInstancesAfterBackupRestoration (4ms)
Platform modules already initialized, skipping
========================================================================
Worker process is ready to serve import requests
Launched and connected shader compiler UnityShaderCompiler.exe after 0.02 seconds
Refreshing native plugins compatible for Editor in 0.77 ms, found 6 plugins.
Preloading 0 native plugins for Editor in 0.00 ms.
Unloading 3915 Unused Serialized files (Serialized files now loaded: 0)
Unloading 70 unused Assets / (205.0 KB). Loaded Objects now: 4342.
Memory consumption went from 142.2 MB to 142.0 MB.
Total: 3.220100 ms (FindLiveObjects: 0.296000 ms CreateObjectMapping: 0.218200 ms MarkObjects: 2.580900 ms  DeleteObjects: 0.124300 ms)

AssetImportParameters requested are different than current active one (requested -> active):
  custom:video-decoder-ogg-theora: a1e56fd34408186e4bbccfd4996cb3dc -> 
  custom:container-muxer-webm: aa71ff27fc2769a1b78a27578f13a17b -> 
  custom:container-demuxer-webm: 4f35f7cbe854078d1ac9338744f61a02 -> 
  custom:video-encoder-webm-vp8: eb34c28f22e8b96e1ab97ce403110664 -> 
  custom:audio-encoder-webm-vorbis: bf7c407c2cedff20999df2af8eb42d56 -> 
  custom:framework-win-MediaFoundation: 216162199b28c13a410421893ffa2e32 -> 
  custom:container-demuxer-ogg: 62fdf1f143b41e24485cea50d1cbac27 -> 
  custom:video-decoder-webm-vp8: 9c59270c3fd7afecdb556c50c9e8de78 -> 
  custom:audio-decoder-ogg-vorbis: bf7c407c2cedff20999df2af8eb42d56 -> 
========================================================================
Received Import Request.
  Time since last request: 346709.302527 seconds.
  path: Assets/Photon/PhotonUnityNetworking/Code/PhotonUnityNetworking.asmdef
  artifactKey: Guid(57c32fc907df0f54e8e6e8f0d2488336) Importer(815301076,1909f56bfc062723c751e8b465ee728b)
Start importing Assets/Photon/PhotonUnityNetworking/Code/PhotonUnityNetworking.asmdef using Guid(57c32fc907df0f54e8e6e8f0d2488336) Importer(815301076,1909f56bfc062723c751e8b465ee728b)  -> (artifact id: 'b565118ff5f0e9f8a0aba5e1f6022d47') in 0.013943 seconds 
========================================================================
Received Import Request.
  Time since last request: 1.153595 seconds.
  path: Assets/Scenes/Photon Setting.unity
  artifactKey: Guid(9fc0d4010bbf28b4594072e72b8655ab) Importer(815301076,1909f56bfc062723c751e8b465ee728b)
Start importing Assets/Scenes/Photon Setting.unity using Guid(9fc0d4010bbf28b4594072e72b8655ab) Importer(815301076,1909f56bfc062723c751e8b465ee728b)  -> (artifact id: 'b72fdedd1044fbc306222dd59d8abede') in 0.001111 seconds 
========================================================================
Received Import Request.
  Time since last request: 750.867256 seconds.
  path: Assets/Scenes/Photon Setting.unity
  artifactKey: Guid(9fc0d4010bbf28b4594072e72b8655ab) Importer(815301076,1909f56bfc062723c751e8b465ee728b)
Start importing Assets/Scenes/Photon Setting.unity using Guid(9fc0d4010bbf28b4594072e72b8655ab) Importer(815301076,1909f56bfc062723c751e8b465ee728b)  -> (artifact id: '785289483f957e36e8e6bb5032dec695') in 0.001089 seconds 
========================================================================
Received Import Request.
  Time since last request: 9.016811 seconds.
  path: Assets/Scenes/Photon Lobby.unity
  artifactKey: Guid(2e0578dc9bf2dfe42a9d5feeed824e03) Importer(815301076,1909f56bfc062723c751e8b465ee728b)
Start importing Assets/Scenes/Photon Lobby.unity using Guid(2e0578dc9bf2dfe42a9d5feeed824e03) Importer(815301076,1909f56bfc062723c751e8b465ee728b)  -> (artifact id: 'c2773dbca61616505afc2b27bec5b75d') in 0.000915 seconds 
========================================================================
Received Import Request.
  Time since last request: 38.298360 seconds.
  path: Assets/Scenes/Photon Lobby.unity
  artifactKey: Guid(2e0578dc9bf2dfe42a9d5feeed824e03) Importer(815301076,1909f56bfc062723c751e8b465ee728b)
Start importing Assets/Scenes/Photon Lobby.unity using Guid(2e0578dc9bf2dfe42a9d5feeed824e03) Importer(815301076,1909f56bfc062723c751e8b465ee728b)  -> (artifact id: 'a640526cb24e9660c38a2cef9379e856') in 0.000868 seconds 
========================================================================
Received Import Request.
  Time since last request: 1.001926 seconds.
  path: Assets/Scenes/Photon Room.unity
  artifactKey: Guid(86712c37dc609bc4c90976137cc09b2d) Importer(815301076,1909f56bfc062723c751e8b465ee728b)
Start importing Assets/Scenes/Photon Room.unity using Guid(86712c37dc609bc4c90976137cc09b2d) Importer(815301076,1909f56bfc062723c751e8b465ee728b)  -> (artifact id: 'bf94204965738f7695f5b8022356b544') in 0.000800 seconds 
========================================================================
Received Import Request.
  Time since last request: 21.194780 seconds.
  path: Assets/Scenes/Photon Game.unity
  artifactKey: Guid(640330d055bc02e4987b9c0d8f4a2802) Importer(815301076,1909f56bfc062723c751e8b465ee728b)
Start importing Assets/Scenes/Photon Game.unity using Guid(640330d055bc02e4987b9c0d8f4a2802) Importer(815301076,1909f56bfc062723c751e8b465ee728b)  -> (artifact id: '83ff96066fdfb8c16847f1419cadb86c') in 0.001688 seconds 
========================================================================
Received Prepare
Registering precompiled user dll's ...
Registered in 0.004798 seconds.
Begin MonoManager ReloadAssembly
Symbol file LoadedFromMemory doesn't match image C:\Users\OFFICE\Desktop\Multi-FPS\Multi FPS\Library\PackageCache\com.unity.visualscripting@1.7.6\Editor\VisualScripting.Core\Dependencies\DotNetZip\Unity.VisualScripting.IonicZip.dll
Symbol file LoadedFromMemory doesn't match image C:\Users\OFFICE\Desktop\Multi-FPS\Multi FPS\Library\PackageCache\com.unity.visualscripting@1.7.6\Editor\VisualScripting.Core\Dependencies\YamlDotNet\Unity.VisualScripting.YamlDotNet.dll
Native extension for WindowsStandalone target not found
Native extension for iOS target not found
Refreshing native plugins compatible for Editor in 0.83 ms, found 6 plugins.
Preloading 0 native plugins for Editor in 0.00 ms.
Mono: successfully reloaded assembly
- Completed reload, in  0.975 seconds
Domain Reload Profiling:
	ReloadAssembly (975ms)
		BeginReloadAssembly (113ms)
			ExecutionOrderSort (0ms)
			DisableScriptedObjects (4ms)
			BackupInstance (0ms)
			ReleaseScriptingObjects (0ms)
			CreateAndSetChildDomain (37ms)
		EndReloadAssembly (787ms)
			LoadAssemblies (63ms)
			RebuildTransferFunctionScriptingTraits (0ms)
			SetupTypeCache (231ms)
			ReleaseScriptCaches (1ms)
			RebuildScriptCaches (40ms)
			SetupLoadedEditorAssemblies (413ms)
				LogAssemblyErrors (0ms)
				InitializePlatformSupportModulesInManaged (23ms)
				SetLoadedEditorAssemblies (0ms)
				RefreshPlugins (1ms)
				BeforeProcessingInitializeOnLoad (59ms)
				ProcessInitializeOnLoadAttributes (301ms)
				ProcessInitializeOnLoadMethodAttributes (25ms)
				AfterProcessingInitializeOnLoad (4ms)
				EditorAssembliesLoaded (0ms)
			ExecutionOrderSort2 (0ms)
			AwakeInstancesAfterBackupRestoration (7ms)
Platform modules already initialized, skipping
Refreshing native plugins compatible for Editor in 3.95 ms, found 6 plugins.
Preloading 0 native plugins for Editor in 0.00 ms.
Unloading 3894 Unused Serialized files (Serialized files now loaded: 0)
Unloading 61 unused Assets / (172.0 KB). Loaded Objects now: 4347.
Memory consumption went from 141.1 MB to 140.9 MB.
Total: 2.536600 ms (FindLiveObjects: 0.281900 ms CreateObjectMapping: 0.175400 ms MarkObjects: 1.962300 ms  DeleteObjects: 0.116000 ms)

AssetImportParameters requested are different than current active one (requested -> active):
  custom:video-decoder-ogg-theora: a1e56fd34408186e4bbccfd4996cb3dc -> 
  custom:container-muxer-webm: aa71ff27fc2769a1b78a27578f13a17b -> 
  custom:container-demuxer-webm: 4f35f7cbe854078d1ac9338744f61a02 -> 
  custom:video-encoder-webm-vp8: eb34c28f22e8b96e1ab97ce403110664 -> 
  custom:audio-encoder-webm-vorbis: bf7c407c2cedff20999df2af8eb42d56 -> 
  custom:framework-win-MediaFoundation: 216162199b28c13a410421893ffa2e32 -> 
  custom:container-demuxer-ogg: 62fdf1f143b41e24485cea50d1cbac27 -> 
  custom:video-decoder-webm-vp8: 9c59270c3fd7afecdb556c50c9e8de78 -> 
  custom:audio-decoder-ogg-vorbis: bf7c407c2cedff20999df2af8eb42d56 -> 
========================================================================
Received Prepare
Registering precompiled user dll's ...
Registered in 0.004794 seconds.
Begin MonoManager ReloadAssembly
Symbol file LoadedFromMemory doesn't match image C:\Users\OFFICE\Desktop\Multi-FPS\Multi FPS\Library\PackageCache\com.unity.visualscripting@1.7.6\Editor\VisualScripting.Core\Dependencies\DotNetZip\Unity.VisualScripting.IonicZip.dll
Symbol file LoadedFromMemory doesn't match image C:\Users\OFFICE\Desktop\Multi-FPS\Multi FPS\Library\PackageCache\com.unity.visualscripting@1.7.6\Editor\VisualScripting.Core\Dependencies\YamlDotNet\Unity.VisualScripting.YamlDotNet.dll
Native extension for WindowsStandalone target not found
Native extension for iOS target not found
Refreshing native plugins compatible for Editor in 1.25 ms, found 6 plugins.
Preloading 0 native plugins for Editor in 0.00 ms.
Mono: successfully reloaded assembly
- Completed reload, in  0.962 seconds
Domain Reload Profiling:
	ReloadAssembly (963ms)
		BeginReloadAssembly (109ms)
			ExecutionOrderSort (0ms)
			DisableScriptedObjects (4ms)
			BackupInstance (0ms)
			ReleaseScriptingObjects (0ms)
			CreateAndSetChildDomain (34ms)
		EndReloadAssembly (778ms)
			LoadAssemblies (68ms)
			RebuildTransferFunctionScriptingTraits (0ms)
			SetupTypeCache (228ms)
			ReleaseScriptCaches (1ms)
			RebuildScriptCaches (35ms)
			SetupLoadedEditorAssemblies (400ms)
				LogAssemblyErrors (0ms)
				InitializePlatformSupportModulesInManaged (24ms)
				SetLoadedEditorAssemblies (0ms)
				RefreshPlugins (1ms)
				BeforeProcessingInitializeOnLoad (55ms)
				ProcessInitializeOnLoadAttributes (291ms)
				ProcessInitializeOnLoadMethodAttributes (24ms)
				AfterProcessingInitializeOnLoad (4ms)
				EditorAssembliesLoaded (0ms)
			ExecutionOrderSort2 (0ms)
			AwakeInstancesAfterBackupRestoration (6ms)
Platform modules already initialized, skipping
Refreshing native plugins compatible for Editor in 3.81 ms, found 6 plugins.
Preloading 0 native plugins for Editor in 0.00 ms.
Unloading 3894 Unused Serialized files (Serialized files now loaded: 0)
Unloading 61 unused Assets / (172.0 KB). Loaded Objects now: 4352.
Memory consumption went from 141.1 MB to 141.0 MB.
Total: 2.664100 ms (FindLiveObjects: 0.289000 ms CreateObjectMapping: 0.174800 ms MarkObjects: 2.081900 ms  DeleteObjects: 0.117100 ms)

AssetImportParameters requested are different than current active one (requested -> active):
  custom:video-decoder-ogg-theora: a1e56fd34408186e4bbccfd4996cb3dc -> 
  custom:container-muxer-webm: aa71ff27fc2769a1b78a27578f13a17b -> 
  custom:container-demuxer-webm: 4f35f7cbe854078d1ac9338744f61a02 -> 
  custom:video-encoder-webm-vp8: eb34c28f22e8b96e1ab97ce403110664 -> 
  custom:audio-encoder-webm-vorbis: bf7c407c2cedff20999df2af8eb42d56 -> 
  custom:framework-win-MediaFoundation: 216162199b28c13a410421893ffa2e32 -> 
  custom:container-demuxer-ogg: 62fdf1f143b41e24485cea50d1cbac27 -> 
  custom:video-decoder-webm-vp8: 9c59270c3fd7afecdb556c50c9e8de78 -> 
  custom:audio-decoder-ogg-vorbis: bf7c407c2cedff20999df2af8eb42d56 -> 
========================================================================
Received Import Request.
  Time since last request: 421.609835 seconds.
  path: Assets/Script/Photon Game/Billboard.cs
  artifactKey: Guid(c5efdcfe54f660245b317391477a8451) Importer(815301076,1909f56bfc062723c751e8b465ee728b)
Start importing Assets/Script/Photon Game/Billboard.cs using Guid(c5efdcfe54f660245b317391477a8451) Importer(815301076,1909f56bfc062723c751e8b465ee728b)  -> (artifact id: '399ded201a6302a4e56fe2626688caae') in 0.009255 seconds 
========================================================================
Received Import Request.
  Time since last request: 90.900359 seconds.
  path: Assets/Script/Photon Game/ChatManager.cs
  artifactKey: Guid(c7814711b95188f4a91bbff0df85bd20) Importer(815301076,1909f56bfc062723c751e8b465ee728b)
Start importing Assets/Script/Photon Game/ChatManager.cs using Guid(c7814711b95188f4a91bbff0df85bd20) Importer(815301076,1909f56bfc062723c751e8b465ee728b)  -> (artifact id: 'b0c3b4ce7c950aeb09954d35a2909b25') in 0.002671 seconds 
========================================================================
Received Prepare
Registering precompiled user dll's ...
Registered in 0.004784 seconds.
Begin MonoManager ReloadAssembly
Symbol file LoadedFromMemory doesn't match image C:\Users\OFFICE\Desktop\Multi-FPS\Multi FPS\Library\PackageCache\com.unity.visualscripting@1.7.6\Editor\VisualScripting.Core\Dependencies\DotNetZip\Unity.VisualScripting.IonicZip.dll
Symbol file LoadedFromMemory doesn't match image C:\Users\OFFICE\Desktop\Multi-FPS\Multi FPS\Library\PackageCache\com.unity.visualscripting@1.7.6\Editor\VisualScripting.Core\Dependencies\YamlDotNet\Unity.VisualScripting.YamlDotNet.dll
Native extension for WindowsStandalone target not found
Native extension for iOS target not found
Refreshing native plugins compatible for Editor in 0.83 ms, found 6 plugins.
Preloading 0 native plugins for Editor in 0.00 ms.
Mono: successfully reloaded assembly
- Completed reload, in  0.935 seconds
Domain Reload Profiling:
	ReloadAssembly (935ms)
		BeginReloadAssembly (109ms)
			ExecutionOrderSort (0ms)
			DisableScriptedObjects (4ms)
			BackupInstance (0ms)
			ReleaseScriptingObjects (0ms)
			CreateAndSetChildDomain (33ms)
		EndReloadAssembly (747ms)
			LoadAssemblies (67ms)
			RebuildTransferFunctionScriptingTraits (0ms)
			SetupTypeCache (221ms)
			ReleaseScriptCaches (1ms)
			RebuildScriptCaches (34ms)
			SetupLoadedEditorAssemblies (386ms)
				LogAssemblyErrors (0ms)
				InitializePlatformSupportModulesInManaged (21ms)
				SetLoadedEditorAssemblies (0ms)
				RefreshPlugins (1ms)
				BeforeProcessingInitializeOnLoad (53ms)
				ProcessInitializeOnLoadAttributes (284ms)
				ProcessInitializeOnLoadMethodAttributes (23ms)
				AfterProcessingInitializeOnLoad (4ms)
				EditorAssembliesLoaded (0ms)
			ExecutionOrderSort2 (0ms)
			AwakeInstancesAfterBackupRestoration (6ms)
Platform modules already initialized, skipping
Refreshing native plugins compatible for Editor in 3.46 ms, found 6 plugins.
Preloading 0 native plugins for Editor in 0.00 ms.
Unloading 3894 Unused Serialized files (Serialized files now loaded: 0)
Unloading 61 unused Assets / (172.0 KB). Loaded Objects now: 4357.
Memory consumption went from 141.2 MB to 141.0 MB.
Total: 2.548500 ms (FindLiveObjects: 0.263600 ms CreateObjectMapping: 0.194800 ms MarkObjects: 1.983700 ms  DeleteObjects: 0.105900 ms)

AssetImportParameters requested are different than current active one (requested -> active):
  custom:video-decoder-ogg-theora: a1e56fd34408186e4bbccfd4996cb3dc -> 
  custom:container-muxer-webm: aa71ff27fc2769a1b78a27578f13a17b -> 
  custom:container-demuxer-webm: 4f35f7cbe854078d1ac9338744f61a02 -> 
  custom:video-encoder-webm-vp8: eb34c28f22e8b96e1ab97ce403110664 -> 
  custom:audio-encoder-webm-vorbis: bf7c407c2cedff20999df2af8eb42d56 -> 
  custom:framework-win-MediaFoundation: 216162199b28c13a410421893ffa2e32 -> 
  custom:container-demuxer-ogg: 62fdf1f143b41e24485cea50d1cbac27 -> 
  custom:video-decoder-webm-vp8: 9c59270c3fd7afecdb556c50c9e8de78 -> 
  custom:audio-decoder-ogg-vorbis: bf7c407c2cedff20999df2af8eb42d56 -> 
========================================================================
Received Import Request.
  Time since last request: 282.840063 seconds.
  path: Assets/Script/Photon Game/PhotonControl.cs
  artifactKey: Guid(6221ddc51b7dd26428c5b4965b744106) Importer(815301076,1909f56bfc062723c751e8b465ee728b)
Start importing Assets/Script/Photon Game/PhotonControl.cs using Guid(6221ddc51b7dd26428c5b4965b744106) Importer(815301076,1909f56bfc062723c751e8b465ee728b)  -> (artifact id: '91b1ff34809dfe52b21cc64f9f943bbb') in 0.007567 seconds 
========================================================================
Received Import Request.
  Time since last request: 48.988084 seconds.
  path: Assets/Script/Photon Game/PhotonControl.cs
  artifactKey: Guid(6221ddc51b7dd26428c5b4965b744106) Importer(815301076,1909f56bfc062723c751e8b465ee728b)
Start importing Assets/Script/Photon Game/PhotonControl.cs using Guid(6221ddc51b7dd26428c5b4965b744106) Importer(815301076,1909f56bfc062723c751e8b465ee728b)  -> (artifact id: 'b32036380a74fd046a15ec92a3af0781') in 0.000991 seconds 
========================================================================
Received Import Request.
  Time since last request: 274.871995 seconds.
  path: Assets/Script/Photon Game/PhotonControl.cs
  artifactKey: Guid(6221ddc51b7dd26428c5b4965b744106) Importer(815301076,1909f56bfc062723c751e8b465ee728b)
Start importing Assets/Script/Photon Game/PhotonControl.cs using Guid(6221ddc51b7dd26428c5b4965b744106) Importer(815301076,1909f56bfc062723c751e8b465ee728b)  -> (artifact id: '61f83848eebd8b76d3479bd052bc6b1d') in 0.001018 seconds 
========================================================================
Received Import Request.
  Time since last request: 122.492044 seconds.
  path: Assets/Script/Photon Game/PhotonControl.cs
  artifactKey: Guid(6221ddc51b7dd26428c5b4965b744106) Importer(815301076,1909f56bfc062723c751e8b465ee728b)
Start importing Assets/Script/Photon Game/PhotonControl.cs using Guid(6221ddc51b7dd26428c5b4965b744106) Importer(815301076,1909f56bfc062723c751e8b465ee728b)  -> (artifact id: 'c6c75470830382f936de0a707aa213bf') in 0.000880 seconds 
========================================================================
Received Import Request.
  Time since last request: 162.802659 seconds.
  path: Assets/Script/Photon Game/PhotonControl.cs
  artifactKey: Guid(6221ddc51b7dd26428c5b4965b744106) Importer(815301076,1909f56bfc062723c751e8b465ee728b)
Start importing Assets/Script/Photon Game/PhotonControl.cs using Guid(6221ddc51b7dd26428c5b4965b744106) Importer(815301076,1909f56bfc062723c751e8b465ee728b)  -> (artifact id: '7c159e785db7bcd924f9bfe091692d99') in 0.001476 seconds 
========================================================================
Received Import Request.
  Time since last request: 44.126144 seconds.
  path: Assets/Script/Photon Game/PhotonControl.cs
  artifactKey: Guid(6221ddc51b7dd26428c5b4965b744106) Importer(815301076,1909f56bfc062723c751e8b465ee728b)
Start importing Assets/Script/Photon Game/PhotonControl.cs using Guid(6221ddc51b7dd26428c5b4965b744106) Importer(815301076,1909f56bfc062723c751e8b465ee728b)  -> (artifact id: '0c04490b7980e0826c03f561b2260fa6') in 0.000870 seconds 
========================================================================
Received Import Request.
  Time since last request: 75.179736 seconds.
  path: Assets/Script/Photon Game/PhotonControl.cs
  artifactKey: Guid(6221ddc51b7dd26428c5b4965b744106) Importer(815301076,1909f56bfc062723c751e8b465ee728b)
Start importing Assets/Script/Photon Game/PhotonControl.cs using Guid(6221ddc51b7dd26428c5b4965b744106) Importer(815301076,1909f56bfc062723c751e8b465ee728b)  -> (artifact id: 'ef01869042500b79aff85b409c163776') in 0.000910 seconds 
========================================================================
Received Prepare
Registering precompiled user dll's ...
Registered in 0.004717 seconds.
Begin MonoManager ReloadAssembly
Symbol file LoadedFromMemory doesn't match image C:\Users\OFFICE\Desktop\Multi-FPS\Multi FPS\Library\PackageCache\com.unity.visualscripting@1.7.6\Editor\VisualScripting.Core\Dependencies\DotNetZip\Unity.VisualScripting.IonicZip.dll
Symbol file LoadedFromMemory doesn't match image C:\Users\OFFICE\Desktop\Multi-FPS\Multi FPS\Library\PackageCache\com.unity.visualscripting@1.7.6\Editor\VisualScripting.Core\Dependencies\YamlDotNet\Unity.VisualScripting.YamlDotNet.dll
Native extension for WindowsStandalone target not found
Native extension for iOS target not found
Refreshing native plugins compatible for Editor in 0.85 ms, found 6 plugins.
Preloading 0 native plugins for Editor in 0.00 ms.
Mono: successfully reloaded assembly
- Completed reload, in  0.947 seconds
Domain Reload Profiling:
	ReloadAssembly (948ms)
		BeginReloadAssembly (114ms)
			ExecutionOrderSort (0ms)
			DisableScriptedObjects (4ms)
			BackupInstance (0ms)
			ReleaseScriptingObjects (0ms)
			CreateAndSetChildDomain (37ms)
		EndReloadAssembly (757ms)
			LoadAssemblies (67ms)
			RebuildTransferFunctionScriptingTraits (0ms)
			SetupTypeCache (225ms)
			ReleaseScriptCaches (1ms)
			RebuildScriptCaches (36ms)
			SetupLoadedEditorAssemblies (388ms)
				LogAssemblyErrors (0ms)
				InitializePlatformSupportModulesInManaged (22ms)
				SetLoadedEditorAssemblies (0ms)
				RefreshPlugins (1ms)
				BeforeProcessingInitializeOnLoad (53ms)
				ProcessInitializeOnLoadAttributes (283ms)
				ProcessInitializeOnLoadMethodAttributes (24ms)
				AfterProcessingInitializeOnLoad (4ms)
				EditorAssembliesLoaded (0ms)
			ExecutionOrderSort2 (0ms)
			AwakeInstancesAfterBackupRestoration (6ms)
Platform modules already initialized, skipping
Refreshing native plugins compatible for Editor in 3.75 ms, found 6 plugins.
Preloading 0 native plugins for Editor in 0.00 ms.
Unloading 3894 Unused Serialized files (Serialized files now loaded: 0)
Unloading 61 unused Assets / (172.0 KB). Loaded Objects now: 4362.
Memory consumption went from 141.2 MB to 141.0 MB.
Total: 2.672800 ms (FindLiveObjects: 0.280900 ms CreateObjectMapping: 0.196600 ms MarkObjects: 2.077200 ms  DeleteObjects: 0.117400 ms)

AssetImportParameters requested are different than current active one (requested -> active):
  custom:video-decoder-ogg-theora: a1e56fd34408186e4bbccfd4996cb3dc -> 
  custom:container-muxer-webm: aa71ff27fc2769a1b78a27578f13a17b -> 
  custom:container-demuxer-webm: 4f35f7cbe854078d1ac9338744f61a02 -> 
  custom:video-encoder-webm-vp8: eb34c28f22e8b96e1ab97ce403110664 -> 
  custom:audio-encoder-webm-vorbis: bf7c407c2cedff20999df2af8eb42d56 -> 
  custom:framework-win-MediaFoundation: 216162199b28c13a410421893ffa2e32 -> 
  custom:container-demuxer-ogg: 62fdf1f143b41e24485cea50d1cbac27 -> 
  custom:video-decoder-webm-vp8: 9c59270c3fd7afecdb556c50c9e8de78 -> 
  custom:audio-decoder-ogg-vorbis: bf7c407c2cedff20999df2af8eb42d56 -> 
========================================================================
Received Import Request.
  Time since last request: 207.254161 seconds.
  path: Assets/Script/Photon Game/GameManager.cs
  artifactKey: Guid(3a9118a290e13024e9b39d6161c9bfcd) Importer(815301076,1909f56bfc062723c751e8b465ee728b)
Start importing Assets/Script/Photon Game/GameManager.cs using Guid(3a9118a290e13024e9b39d6161c9bfcd) Importer(815301076,1909f56bfc062723c751e8b465ee728b)  -> (artifact id: '3a4bb143b95270c8c736b5c962de52d7') in 0.008148 seconds 
========================================================================
Received Import Request.
  Time since last request: 313.418055 seconds.
  path: Assets/Script/Photon Game/CursorChange.cs
  artifactKey: Guid(f57e91dbc19bbda469e0acbcea57a46c) Importer(815301076,1909f56bfc062723c751e8b465ee728b)
Start importing Assets/Script/Photon Game/CursorChange.cs using Guid(f57e91dbc19bbda469e0acbcea57a46c) Importer(815301076,1909f56bfc062723c751e8b465ee728b)  -> (artifact id: '5f023a8da018fe71a8e69bd3c5594fe7') in 0.001125 seconds 
========================================================================
Received Import Request.
  Time since last request: 20.317643 seconds.
  path: Assets/Script/Photon Game/CursorChange.cs
  artifactKey: Guid(f57e91dbc19bbda469e0acbcea57a46c) Importer(815301076,1909f56bfc062723c751e8b465ee728b)
Start importing Assets/Script/Photon Game/CursorChange.cs using Guid(f57e91dbc19bbda469e0acbcea57a46c) Importer(815301076,1909f56bfc062723c751e8b465ee728b)  -> (artifact id: '5dcb89e90cb1a35f01ba66b5432fba55') in 0.001020 seconds 
========================================================================
Received Prepare
Registering precompiled user dll's ...
Registered in 0.004799 seconds.
Begin MonoManager ReloadAssembly
Symbol file LoadedFromMemory doesn't match image C:\Users\OFFICE\Desktop\Multi-FPS\Multi FPS\Library\PackageCache\com.unity.visualscripting@1.7.6\Editor\VisualScripting.Core\Dependencies\DotNetZip\Unity.VisualScripting.IonicZip.dll
Symbol file LoadedFromMemory doesn't match image C:\Users\OFFICE\Desktop\Multi-FPS\Multi FPS\Library\PackageCache\com.unity.visualscripting@1.7.6\Editor\VisualScripting.Core\Dependencies\YamlDotNet\Unity.VisualScripting.YamlDotNet.dll
Native extension for WindowsStandalone target not found
Native extension for iOS target not found
Refreshing native plugins compatible for Editor in 0.79 ms, found 6 plugins.
Preloading 0 native plugins for Editor in 0.00 ms.
Mono: successfully reloaded assembly
- Completed reload, in  0.964 seconds
Domain Reload Profiling:
	ReloadAssembly (964ms)
		BeginReloadAssembly (122ms)
			ExecutionOrderSort (0ms)
			DisableScriptedObjects (4ms)
			BackupInstance (0ms)
			ReleaseScriptingObjects (0ms)
			CreateAndSetChildDomain (38ms)
		EndReloadAssembly (764ms)
			LoadAssemblies (71ms)
			RebuildTransferFunctionScriptingTraits (0ms)
			SetupTypeCache (229ms)
			ReleaseScriptCaches (1ms)
			RebuildScriptCaches (38ms)
			SetupLoadedEditorAssemblies (389ms)
				LogAssemblyErrors (0ms)
				InitializePlatformSupportModulesInManaged (21ms)
				SetLoadedEditorAssemblies (0ms)
				RefreshPlugins (1ms)
				BeforeProcessingInitializeOnLoad (52ms)
				ProcessInitializeOnLoadAttributes (287ms)
				ProcessInitializeOnLoadMethodAttributes (24ms)
				AfterProcessingInitializeOnLoad (4ms)
				EditorAssembliesLoaded (0ms)
			ExecutionOrderSort2 (0ms)
			AwakeInstancesAfterBackupRestoration (6ms)
Platform modules already initialized, skipping
Refreshing native plugins compatible for Editor in 4.99 ms, found 6 plugins.
Preloading 0 native plugins for Editor in 0.00 ms.
Unloading 3895 Unused Serialized files (Serialized files now loaded: 0)
Unloading 61 unused Assets / (172.2 KB). Loaded Objects now: 4368.
Memory consumption went from 141.2 MB to 141.0 MB.
Total: 2.498000 ms (FindLiveObjects: 0.271800 ms CreateObjectMapping: 0.179600 ms MarkObjects: 1.927700 ms  DeleteObjects: 0.118100 ms)

AssetImportParameters requested are different than current active one (requested -> active):
  custom:video-decoder-ogg-theora: a1e56fd34408186e4bbccfd4996cb3dc -> 
  custom:container-muxer-webm: aa71ff27fc2769a1b78a27578f13a17b -> 
  custom:container-demuxer-webm: 4f35f7cbe854078d1ac9338744f61a02 -> 
  custom:video-encoder-webm-vp8: eb34c28f22e8b96e1ab97ce403110664 -> 
  custom:audio-encoder-webm-vorbis: bf7c407c2cedff20999df2af8eb42d56 -> 
  custom:framework-win-MediaFoundation: 216162199b28c13a410421893ffa2e32 -> 
  custom:container-demuxer-ogg: 62fdf1f143b41e24485cea50d1cbac27 -> 
  custom:video-decoder-webm-vp8: 9c59270c3fd7afecdb556c50c9e8de78 -> 
  custom:audio-decoder-ogg-vorbis: bf7c407c2cedff20999df2af8eb42d56 -> 
========================================================================
Received Import Request.
  Time since last request: 118.032353 seconds.
  path: Assets/Script/Photon Game/CursorChange.cs
  artifactKey: Guid(f57e91dbc19bbda469e0acbcea57a46c) Importer(815301076,1909f56bfc062723c751e8b465ee728b)
Start importing Assets/Script/Photon Game/CursorChange.cs using Guid(f57e91dbc19bbda469e0acbcea57a46c) Importer(815301076,1909f56bfc062723c751e8b465ee728b)  -> (artifact id: '6eed98dbf6ac534add2e0de0b51bb486') in 0.007024 seconds 
========================================================================
Received Prepare
Registering precompiled user dll's ...
Registered in 0.004677 seconds.
Begin MonoManager ReloadAssembly
Symbol file LoadedFromMemory doesn't match image C:\Users\OFFICE\Desktop\Multi-FPS\Multi FPS\Library\PackageCache\com.unity.visualscripting@1.7.6\Editor\VisualScripting.Core\Dependencies\DotNetZip\Unity.VisualScripting.IonicZip.dll
Symbol file LoadedFromMemory doesn't match image C:\Users\OFFICE\Desktop\Multi-FPS\Multi FPS\Library\PackageCache\com.unity.visualscripting@1.7.6\Editor\VisualScripting.Core\Dependencies\YamlDotNet\Unity.VisualScripting.YamlDotNet.dll
Native extension for WindowsStandalone target not found
Native extension for iOS target not found
Refreshing native plugins compatible for Editor in 0.81 ms, found 6 plugins.
Preloading 0 native plugins for Editor in 0.00 ms.
Mono: successfully reloaded assembly
- Completed reload, in  0.944 seconds
Domain Reload Profiling:
	ReloadAssembly (945ms)
		BeginReloadAssembly (114ms)
			ExecutionOrderSort (0ms)
			DisableScriptedObjects (4ms)
			BackupInstance (0ms)
			ReleaseScriptingObjects (0ms)
			CreateAndSetChildDomain (35ms)
		EndReloadAssembly (752ms)
			LoadAssemblies (67ms)
			RebuildTransferFunctionScriptingTraits (0ms)
			SetupTypeCache (219ms)
			ReleaseScriptCaches (1ms)
			RebuildScriptCaches (35ms)
			SetupLoadedEditorAssemblies (394ms)
				LogAssemblyErrors (0ms)
				InitializePlatformSupportModulesInManaged (21ms)
				SetLoadedEditorAssemblies (0ms)
				RefreshPlugins (1ms)
				BeforeProcessingInitializeOnLoad (53ms)
				ProcessInitializeOnLoadAttributes (289ms)
				ProcessInitializeOnLoadMethodAttributes (23ms)
				AfterProcessingInitializeOnLoad (7ms)
				EditorAssembliesLoaded (0ms)
			ExecutionOrderSort2 (0ms)
			AwakeInstancesAfterBackupRestoration (6ms)
Platform modules already initialized, skipping
Refreshing native plugins compatible for Editor in 3.67 ms, found 6 plugins.
Preloading 0 native plugins for Editor in 0.00 ms.
Unloading 3895 Unused Serialized files (Serialized files now loaded: 0)
Unloading 61 unused Assets / (172.0 KB). Loaded Objects now: 4373.
Memory consumption went from 141.2 MB to 141.1 MB.
Total: 4.106500 ms (FindLiveObjects: 0.293500 ms CreateObjectMapping: 0.376500 ms MarkObjects: 3.294000 ms  DeleteObjects: 0.141100 ms)

AssetImportParameters requested are different than current active one (requested -> active):
  custom:video-decoder-ogg-theora: a1e56fd34408186e4bbccfd4996cb3dc -> 
  custom:container-muxer-webm: aa71ff27fc2769a1b78a27578f13a17b -> 
  custom:container-demuxer-webm: 4f35f7cbe854078d1ac9338744f61a02 -> 
  custom:video-encoder-webm-vp8: eb34c28f22e8b96e1ab97ce403110664 -> 
  custom:audio-encoder-webm-vorbis: bf7c407c2cedff20999df2af8eb42d56 -> 
  custom:framework-win-MediaFoundation: 216162199b28c13a410421893ffa2e32 -> 
  custom:container-demuxer-ogg: 62fdf1f143b41e24485cea50d1cbac27 -> 
  custom:video-decoder-webm-vp8: 9c59270c3fd7afecdb556c50c9e8de78 -> 
  custom:audio-decoder-ogg-vorbis: bf7c407c2cedff20999df2af8eb42d56 -> 
========================================================================
Received Import Request.
  Time since last request: 6.798613 seconds.
  path: Assets/Scenes/Photon Game.unity
  artifactKey: Guid(640330d055bc02e4987b9c0d8f4a2802) Importer(815301076,1909f56bfc062723c751e8b465ee728b)
Start importing Assets/Scenes/Photon Game.unity using Guid(640330d055bc02e4987b9c0d8f4a2802) Importer(815301076,1909f56bfc062723c751e8b465ee728b)  -> (artifact id: '00fed9ffb38a48323e718e00979647db') in 0.004947 seconds 
========================================================================
Received Prepare
Registering precompiled user dll's ...
Registered in 0.005751 seconds.
Begin MonoManager ReloadAssembly
Symbol file LoadedFromMemory doesn't match image C:\Users\OFFICE\Desktop\Multi-FPS\Multi FPS\Library\PackageCache\com.unity.visualscripting@1.7.6\Editor\VisualScripting.Core\Dependencies\DotNetZip\Unity.VisualScripting.IonicZip.dll
Symbol file LoadedFromMemory doesn't match image C:\Users\OFFICE\Desktop\Multi-FPS\Multi FPS\Library\PackageCache\com.unity.visualscripting@1.7.6\Editor\VisualScripting.Core\Dependencies\YamlDotNet\Unity.VisualScripting.YamlDotNet.dll
Native extension for WindowsStandalone target not found
Native extension for iOS target not found
Refreshing native plugins compatible for Editor in 0.81 ms, found 6 plugins.
Preloading 0 native plugins for Editor in 0.00 ms.
Mono: successfully reloaded assembly
- Completed reload, in  0.930 seconds
Domain Reload Profiling:
	ReloadAssembly (930ms)
		BeginReloadAssembly (115ms)
			ExecutionOrderSort (0ms)
			DisableScriptedObjects (4ms)
			BackupInstance (0ms)
			ReleaseScriptingObjects (0ms)
			CreateAndSetChildDomain (35ms)
		EndReloadAssembly (736ms)
			LoadAssemblies (70ms)
			RebuildTransferFunctionScriptingTraits (0ms)
			SetupTypeCache (219ms)
			ReleaseScriptCaches (1ms)
			RebuildScriptCaches (33ms)
			SetupLoadedEditorAssemblies (379ms)
				LogAssemblyErrors (0ms)
				InitializePlatformSupportModulesInManaged (22ms)
				SetLoadedEditorAssemblies (0ms)
				RefreshPlugins (1ms)
				BeforeProcessingInitializeOnLoad (54ms)
				ProcessInitializeOnLoadAttributes (275ms)
				ProcessInitializeOnLoadMethodAttributes (23ms)
				AfterProcessingInitializeOnLoad (4ms)
				EditorAssembliesLoaded (0ms)
			ExecutionOrderSort2 (0ms)
			AwakeInstancesAfterBackupRestoration (6ms)
Platform modules already initialized, skipping
Refreshing native plugins compatible for Editor in 3.66 ms, found 6 plugins.
Preloading 0 native plugins for Editor in 0.00 ms.
Unloading 3895 Unused Serialized files (Serialized files now loaded: 0)
Unloading 61 unused Assets / (172.0 KB). Loaded Objects now: 4378.
Memory consumption went from 141.2 MB to 141.1 MB.
Total: 2.573600 ms (FindLiveObjects: 0.296600 ms CreateObjectMapping: 0.205000 ms MarkObjects: 1.959800 ms  DeleteObjects: 0.111600 ms)

AssetImportParameters requested are different than current active one (requested -> active):
  custom:video-decoder-ogg-theora: a1e56fd34408186e4bbccfd4996cb3dc -> 
  custom:container-muxer-webm: aa71ff27fc2769a1b78a27578f13a17b -> 
  custom:container-demuxer-webm: 4f35f7cbe854078d1ac9338744f61a02 -> 
  custom:video-encoder-webm-vp8: eb34c28f22e8b96e1ab97ce403110664 -> 
  custom:audio-encoder-webm-vorbis: bf7c407c2cedff20999df2af8eb42d56 -> 
  custom:framework-win-MediaFoundation: 216162199b28c13a410421893ffa2e32 -> 
  custom:container-demuxer-ogg: 62fdf1f143b41e24485cea50d1cbac27 -> 
  custom:video-decoder-webm-vp8: 9c59270c3fd7afecdb556c50c9e8de78 -> 
  custom:audio-decoder-ogg-vorbis: bf7c407c2cedff20999df2af8eb42d56 -> 
========================================================================
Received Prepare
Registering precompiled user dll's ...
Registered in 0.005987 seconds.
Begin MonoManager ReloadAssembly
Symbol file LoadedFromMemory doesn't match image C:\Users\OFFICE\Desktop\Multi-FPS\Multi FPS\Library\PackageCache\com.unity.visualscripting@1.7.6\Editor\VisualScripting.Core\Dependencies\DotNetZip\Unity.VisualScripting.IonicZip.dll
Symbol file LoadedFromMemory doesn't match image C:\Users\OFFICE\Desktop\Multi-FPS\Multi FPS\Library\PackageCache\com.unity.visualscripting@1.7.6\Editor\VisualScripting.Core\Dependencies\YamlDotNet\Unity.VisualScripting.YamlDotNet.dll
Native extension for WindowsStandalone target not found
Native extension for iOS target not found
Refreshing native plugins compatible for Editor in 0.80 ms, found 6 plugins.
Preloading 0 native plugins for Editor in 0.00 ms.
Mono: successfully reloaded assembly
- Completed reload, in  0.969 seconds
Domain Reload Profiling:
	ReloadAssembly (969ms)
		BeginReloadAssembly (113ms)
			ExecutionOrderSort (0ms)
			DisableScriptedObjects (4ms)
			BackupInstance (0ms)
			ReleaseScriptingObjects (0ms)
			CreateAndSetChildDomain (36ms)
		EndReloadAssembly (780ms)
			LoadAssemblies (67ms)
			RebuildTransferFunctionScriptingTraits (0ms)
			SetupTypeCache (223ms)
			ReleaseScriptCaches (2ms)
			RebuildScriptCaches (37ms)
			SetupLoadedEditorAssemblies (406ms)
				LogAssemblyErrors (0ms)
				InitializePlatformSupportModulesInManaged (21ms)
				SetLoadedEditorAssemblies (0ms)
				RefreshPlugins (1ms)
				BeforeProcessingInitializeOnLoad (53ms)
				ProcessInitializeOnLoadAttributes (302ms)
				ProcessInitializeOnLoadMethodAttributes (24ms)
				AfterProcessingInitializeOnLoad (4ms)
				EditorAssembliesLoaded (0ms)
			ExecutionOrderSort2 (0ms)
			AwakeInstancesAfterBackupRestoration (6ms)
Platform modules already initialized, skipping
Refreshing native plugins compatible for Editor in 3.68 ms, found 6 plugins.
Preloading 0 native plugins for Editor in 0.00 ms.
Unloading 3895 Unused Serialized files (Serialized files now loaded: 0)
Unloading 61 unused Assets / (172.1 KB). Loaded Objects now: 4383.
Memory consumption went from 141.3 MB to 141.1 MB.
Total: 2.603400 ms (FindLiveObjects: 0.289100 ms CreateObjectMapping: 0.202300 ms MarkObjects: 1.989600 ms  DeleteObjects: 0.121200 ms)

AssetImportParameters requested are different than current active one (requested -> active):
  custom:video-decoder-ogg-theora: a1e56fd34408186e4bbccfd4996cb3dc -> 
  custom:container-muxer-webm: aa71ff27fc2769a1b78a27578f13a17b -> 
  custom:container-demuxer-webm: 4f35f7cbe854078d1ac9338744f61a02 -> 
  custom:video-encoder-webm-vp8: eb34c28f22e8b96e1ab97ce403110664 -> 
  custom:audio-encoder-webm-vorbis: bf7c407c2cedff20999df2af8eb42d56 -> 
  custom:framework-win-MediaFoundation: 216162199b28c13a410421893ffa2e32 -> 
  custom:container-demuxer-ogg: 62fdf1f143b41e24485cea50d1cbac27 -> 
  custom:video-decoder-webm-vp8: 9c59270c3fd7afecdb556c50c9e8de78 -> 
  custom:audio-decoder-ogg-vorbis: bf7c407c2cedff20999df2af8eb42d56 -> 
========================================================================
Received Prepare
Registering precompiled user dll's ...
Registered in 0.006012 seconds.
Begin MonoManager ReloadAssembly
Symbol file LoadedFromMemory doesn't match image C:\Users\OFFICE\Desktop\Multi-FPS\Multi FPS\Library\PackageCache\com.unity.visualscripting@1.7.6\Editor\VisualScripting.Core\Dependencies\DotNetZip\Unity.VisualScripting.IonicZip.dll
Symbol file LoadedFromMemory doesn't match image C:\Users\OFFICE\Desktop\Multi-FPS\Multi FPS\Library\PackageCache\com.unity.visualscripting@1.7.6\Editor\VisualScripting.Core\Dependencies\YamlDotNet\Unity.VisualScripting.YamlDotNet.dll
Native extension for WindowsStandalone target not found
Native extension for iOS target not found
Refreshing native plugins compatible for Editor in 0.95 ms, found 6 plugins.
Preloading 0 native plugins for Editor in 0.00 ms.
Mono: successfully reloaded assembly
- Completed reload, in  0.962 seconds
Domain Reload Profiling:
	ReloadAssembly (962ms)
		BeginReloadAssembly (110ms)
			ExecutionOrderSort (0ms)
			DisableScriptedObjects (4ms)
			BackupInstance (0ms)
			ReleaseScriptingObjects (0ms)
			CreateAndSetChildDomain (34ms)
		EndReloadAssembly (776ms)
			LoadAssemblies (65ms)
			RebuildTransferFunctionScriptingTraits (0ms)
			SetupTypeCache (223ms)
			ReleaseScriptCaches (1ms)
			RebuildScriptCaches (35ms)
			SetupLoadedEditorAssemblies (412ms)
				LogAssemblyErrors (0ms)
				InitializePlatformSupportModulesInManaged (23ms)
				SetLoadedEditorAssemblies (0ms)
				RefreshPlugins (1ms)
				BeforeProcessingInitializeOnLoad (55ms)
				ProcessInitializeOnLoadAttributes (304ms)
				ProcessInitializeOnLoadMethodAttributes (24ms)
				AfterProcessingInitializeOnLoad (5ms)
				EditorAssembliesLoaded (0ms)
			ExecutionOrderSort2 (0ms)
			AwakeInstancesAfterBackupRestoration (6ms)
Platform modules already initialized, skipping
Refreshing native plugins compatible for Editor in 3.97 ms, found 6 plugins.
Preloading 0 native plugins for Editor in 0.00 ms.
Unloading 3895 Unused Serialized files (Serialized files now loaded: 0)
Unloading 61 unused Assets / (172.0 KB). Loaded Objects now: 4388.
Memory consumption went from 141.3 MB to 141.1 MB.
Total: 2.718600 ms (FindLiveObjects: 0.297300 ms CreateObjectMapping: 0.199800 ms MarkObjects: 2.046400 ms  DeleteObjects: 0.174100 ms)

AssetImportParameters requested are different than current active one (requested -> active):
  custom:video-decoder-ogg-theora: a1e56fd34408186e4bbccfd4996cb3dc -> 
  custom:container-muxer-webm: aa71ff27fc2769a1b78a27578f13a17b -> 
  custom:container-demuxer-webm: 4f35f7cbe854078d1ac9338744f61a02 -> 
  custom:video-encoder-webm-vp8: eb34c28f22e8b96e1ab97ce403110664 -> 
  custom:audio-encoder-webm-vorbis: bf7c407c2cedff20999df2af8eb42d56 -> 
  custom:framework-win-MediaFoundation: 216162199b28c13a410421893ffa2e32 -> 
  custom:container-demuxer-ogg: 62fdf1f143b41e24485cea50d1cbac27 -> 
  custom:video-decoder-webm-vp8: 9c59270c3fd7afecdb556c50c9e8de78 -> 
  custom:audio-decoder-ogg-vorbis: bf7c407c2cedff20999df2af8eb42d56 -> 
========================================================================
Received Prepare
Registering precompiled user dll's ...
Registered in 0.005587 seconds.
Begin MonoManager ReloadAssembly
Symbol file LoadedFromMemory doesn't match image C:\Users\OFFICE\Desktop\Multi-FPS\Multi FPS\Library\PackageCache\com.unity.visualscripting@1.7.6\Editor\VisualScripting.Core\Dependencies\DotNetZip\Unity.VisualScripting.IonicZip.dll
Symbol file LoadedFromMemory doesn't match image C:\Users\OFFICE\Desktop\Multi-FPS\Multi FPS\Library\PackageCache\com.unity.visualscripting@1.7.6\Editor\VisualScripting.Core\Dependencies\YamlDotNet\Unity.VisualScripting.YamlDotNet.dll
Native extension for WindowsStandalone target not found
Native extension for iOS target not found
Refreshing native plugins compatible for Editor in 0.94 ms, found 6 plugins.
Preloading 0 native plugins for Editor in 0.00 ms.
Mono: successfully reloaded assembly
- Completed reload, in  0.952 seconds
Domain Reload Profiling:
	ReloadAssembly (952ms)
		BeginReloadAssembly (109ms)
			ExecutionOrderSort (0ms)
			DisableScriptedObjects (4ms)
			BackupInstance (0ms)
			ReleaseScriptingObjects (0ms)
			CreateAndSetChildDomain (34ms)
		EndReloadAssembly (767ms)
			LoadAssemblies (64ms)
			RebuildTransferFunctionScriptingTraits (0ms)
			SetupTypeCache (224ms)
			ReleaseScriptCaches (1ms)
			RebuildScriptCaches (35ms)
			SetupLoadedEditorAssemblies (403ms)
				LogAssemblyErrors (0ms)
				InitializePlatformSupportModulesInManaged (23ms)
				SetLoadedEditorAssemblies (0ms)
				RefreshPlugins (1ms)
				BeforeProcessingInitializeOnLoad (56ms)
				ProcessInitializeOnLoadAttributes (295ms)
				ProcessInitializeOnLoadMethodAttributes (24ms)
				AfterProcessingInitializeOnLoad (4ms)
				EditorAssembliesLoaded (0ms)
			ExecutionOrderSort2 (0ms)
			AwakeInstancesAfterBackupRestoration (7ms)
Platform modules already initialized, skipping
Refreshing native plugins compatible for Editor in 3.67 ms, found 6 plugins.
Preloading 0 native plugins for Editor in 0.00 ms.
Unloading 3895 Unused Serialized files (Serialized files now loaded: 0)
Unloading 61 unused Assets / (172.2 KB). Loaded Objects now: 4393.
Memory consumption went from 141.3 MB to 141.1 MB.
Total: 2.829000 ms (FindLiveObjects: 0.284600 ms CreateObjectMapping: 0.231700 ms MarkObjects: 2.184800 ms  DeleteObjects: 0.126500 ms)

AssetImportParameters requested are different than current active one (requested -> active):
  custom:video-decoder-ogg-theora: a1e56fd34408186e4bbccfd4996cb3dc -> 
  custom:container-muxer-webm: aa71ff27fc2769a1b78a27578f13a17b -> 
  custom:container-demuxer-webm: 4f35f7cbe854078d1ac9338744f61a02 -> 
  custom:video-encoder-webm-vp8: eb34c28f22e8b96e1ab97ce403110664 -> 
  custom:audio-encoder-webm-vorbis: bf7c407c2cedff20999df2af8eb42d56 -> 
  custom:framework-win-MediaFoundation: 216162199b28c13a410421893ffa2e32 -> 
  custom:container-demuxer-ogg: 62fdf1f143b41e24485cea50d1cbac27 -> 
  custom:video-decoder-webm-vp8: 9c59270c3fd7afecdb556c50c9e8de78 -> 
  custom:audio-decoder-ogg-vorbis: bf7c407c2cedff20999df2af8eb42d56 -> 
========================================================================
Received Prepare
Registering precompiled user dll's ...
Registered in 0.004701 seconds.
Begin MonoManager ReloadAssembly
Symbol file LoadedFromMemory doesn't match image C:\Users\OFFICE\Desktop\Multi-FPS\Multi FPS\Library\PackageCache\com.unity.visualscripting@1.7.6\Editor\VisualScripting.Core\Dependencies\DotNetZip\Unity.VisualScripting.IonicZip.dll
Symbol file LoadedFromMemory doesn't match image C:\Users\OFFICE\Desktop\Multi-FPS\Multi FPS\Library\PackageCache\com.unity.visualscripting@1.7.6\Editor\VisualScripting.Core\Dependencies\YamlDotNet\Unity.VisualScripting.YamlDotNet.dll
Native extension for WindowsStandalone target not found
Native extension for iOS target not found
Refreshing native plugins compatible for Editor in 0.81 ms, found 6 plugins.
Preloading 0 native plugins for Editor in 0.00 ms.
Mono: successfully reloaded assembly
- Completed reload, in  0.920 seconds
Domain Reload Profiling:
	ReloadAssembly (921ms)
		BeginReloadAssembly (114ms)
			ExecutionOrderSort (0ms)
			DisableScriptedObjects (4ms)
			BackupInstance (0ms)
			ReleaseScriptingObjects (0ms)
			CreateAndSetChildDomain (37ms)
		EndReloadAssembly (729ms)
			LoadAssemblies (66ms)
			RebuildTransferFunctionScriptingTraits (0ms)
			SetupTypeCache (216ms)
			ReleaseScriptCaches (1ms)
			RebuildScriptCaches (33ms)
			SetupLoadedEditorAssemblies (379ms)
				LogAssemblyErrors (0ms)
				InitializePlatformSupportModulesInManaged (22ms)
				SetLoadedEditorAssemblies (0ms)
				RefreshPlugins (1ms)
				BeforeProcessingInitializeOnLoad (53ms)
				ProcessInitializeOnLoadAttributes (275ms)
				ProcessInitializeOnLoadMethodAttributes (23ms)
				AfterProcessingInitializeOnLoad (4ms)
				EditorAssembliesLoaded (0ms)
			ExecutionOrderSort2 (0ms)
			AwakeInstancesAfterBackupRestoration (6ms)
Platform modules already initialized, skipping
Refreshing native plugins compatible for Editor in 3.59 ms, found 6 plugins.
Preloading 0 native plugins for Editor in 0.00 ms.
Unloading 3895 Unused Serialized files (Serialized files now loaded: 0)
Unloading 61 unused Assets / (172.0 KB). Loaded Objects now: 4398.
Memory consumption went from 141.3 MB to 141.1 MB.
Total: 2.619500 ms (FindLiveObjects: 0.363400 ms CreateObjectMapping: 0.206400 ms MarkObjects: 1.942900 ms  DeleteObjects: 0.106100 ms)

AssetImportParameters requested are different than current active one (requested -> active):
  custom:video-decoder-ogg-theora: a1e56fd34408186e4bbccfd4996cb3dc -> 
  custom:container-muxer-webm: aa71ff27fc2769a1b78a27578f13a17b -> 
  custom:container-demuxer-webm: 4f35f7cbe854078d1ac9338744f61a02 -> 
  custom:video-encoder-webm-vp8: eb34c28f22e8b96e1ab97ce403110664 -> 
  custom:audio-encoder-webm-vorbis: bf7c407c2cedff20999df2af8eb42d56 -> 
  custom:framework-win-MediaFoundation: 216162199b28c13a410421893ffa2e32 -> 
  custom:container-demuxer-ogg: 62fdf1f143b41e24485cea50d1cbac27 -> 
  custom:video-decoder-webm-vp8: 9c59270c3fd7afecdb556c50c9e8de78 -> 
  custom:audio-decoder-ogg-vorbis: bf7c407c2cedff20999df2af8eb42d56 -> 
========================================================================
Received Prepare
Registering precompiled user dll's ...
Registered in 0.006334 seconds.
Begin MonoManager ReloadAssembly
Symbol file LoadedFromMemory doesn't match image C:\Users\OFFICE\Desktop\Multi-FPS\Multi FPS\Library\PackageCache\com.unity.visualscripting@1.7.6\Editor\VisualScripting.Core\Dependencies\DotNetZip\Unity.VisualScripting.IonicZip.dll
Symbol file LoadedFromMemory doesn't match image C:\Users\OFFICE\Desktop\Multi-FPS\Multi FPS\Library\PackageCache\com.unity.visualscripting@1.7.6\Editor\VisualScripting.Core\Dependencies\YamlDotNet\Unity.VisualScripting.YamlDotNet.dll
Native extension for WindowsStandalone target not found
Native extension for iOS target not found
Refreshing native plugins compatible for Editor in 0.90 ms, found 6 plugins.
Preloading 0 native plugins for Editor in 0.00 ms.
Mono: successfully reloaded assembly
- Completed reload, in  0.944 seconds
Domain Reload Profiling:
	ReloadAssembly (945ms)
		BeginReloadAssembly (111ms)
			ExecutionOrderSort (0ms)
			DisableScriptedObjects (5ms)
			BackupInstance (0ms)
			ReleaseScriptingObjects (0ms)
			CreateAndSetChildDomain (33ms)
		EndReloadAssembly (759ms)
			LoadAssemblies (66ms)
			RebuildTransferFunctionScriptingTraits (0ms)
			SetupTypeCache (219ms)
			ReleaseScriptCaches (1ms)
			RebuildScriptCaches (34ms)
			SetupLoadedEditorAssemblies (401ms)
				LogAssemblyErrors (0ms)
				InitializePlatformSupportModulesInManaged (22ms)
				SetLoadedEditorAssemblies (0ms)
				RefreshPlugins (1ms)
				BeforeProcessingInitializeOnLoad (54ms)
				ProcessInitializeOnLoadAttributes (295ms)
				ProcessInitializeOnLoadMethodAttributes (25ms)
				AfterProcessingInitializeOnLoad (4ms)
				EditorAssembliesLoaded (0ms)
			ExecutionOrderSort2 (0ms)
			AwakeInstancesAfterBackupRestoration (6ms)
Platform modules already initialized, skipping
Refreshing native plugins compatible for Editor in 3.83 ms, found 6 plugins.
Preloading 0 native plugins for Editor in 0.00 ms.
Unloading 3895 Unused Serialized files (Serialized files now loaded: 0)
Unloading 61 unused Assets / (172.1 KB). Loaded Objects now: 4403.
Memory consumption went from 141.3 MB to 141.1 MB.
Total: 2.778700 ms (FindLiveObjects: 0.338900 ms CreateObjectMapping: 0.211500 ms MarkObjects: 2.099000 ms  DeleteObjects: 0.127900 ms)

AssetImportParameters requested are different than current active one (requested -> active):
  custom:video-decoder-ogg-theora: a1e56fd34408186e4bbccfd4996cb3dc -> 
  custom:container-muxer-webm: aa71ff27fc2769a1b78a27578f13a17b -> 
  custom:container-demuxer-webm: 4f35f7cbe854078d1ac9338744f61a02 -> 
  custom:video-encoder-webm-vp8: eb34c28f22e8b96e1ab97ce403110664 -> 
  custom:audio-encoder-webm-vorbis: bf7c407c2cedff20999df2af8eb42d56 -> 
  custom:framework-win-MediaFoundation: 216162199b28c13a410421893ffa2e32 -> 
  custom:container-demuxer-ogg: 62fdf1f143b41e24485cea50d1cbac27 -> 
  custom:video-decoder-webm-vp8: 9c59270c3fd7afecdb556c50c9e8de78 -> 
  custom:audio-decoder-ogg-vorbis: bf7c407c2cedff20999df2af8eb42d56 -> 
========================================================================
Received Import Request.
  Time since last request: 159.835462 seconds.
  path: Assets/SlimUI/Tech Menu/Graphics/Arrow.png
  artifactKey: Guid(c36699fb3b37a0d499718ec291dc9a70) Importer(815301076,1909f56bfc062723c751e8b465ee728b)
Start importing Assets/SlimUI/Tech Menu/Graphics/Arrow.png using Guid(c36699fb3b37a0d499718ec291dc9a70) Importer(815301076,1909f56bfc062723c751e8b465ee728b)  -> (artifact id: '0f4fd32f294f6a2554a121b009b2e37b') in 0.094404 seconds 
========================================================================
Received Import Request.
  Time since last request: 0.000018 seconds.
  path: Assets/PlayFabEditorExtensions/Editor/UI/Images/checkmark_off.png
  artifactKey: Guid(d20c53c8cad21024091aeed0b9bf2a0e) Importer(815301076,1909f56bfc062723c751e8b465ee728b)
Start importing Assets/PlayFabEditorExtensions/Editor/UI/Images/checkmark_off.png using Guid(d20c53c8cad21024091aeed0b9bf2a0e) Importer(815301076,1909f56bfc062723c751e8b465ee728b)  -> (artifact id: '2474267f8cbdf388981cf1482ce65241') in 0.013654 seconds 
========================================================================
Received Import Request.
  Time since last request: 0.000020 seconds.
  path: Assets/Photon/PhotonUnityNetworking/Demos/Shared Assets/Skin/BoxText.png
  artifactKey: Guid(761ff1491b1f86c4d924261c553ac9cc) Importer(815301076,1909f56bfc062723c751e8b465ee728b)
Start importing Assets/Photon/PhotonUnityNetworking/Demos/Shared Assets/Skin/BoxText.png using Guid(761ff1491b1f86c4d924261c553ac9cc) Importer(815301076,1909f56bfc062723c751e8b465ee728b)  -> (artifact id: 'f1f1044ffdcf6ab1f71a3353c471347a') in 0.007160 seconds 
========================================================================
Received Import Request.
  Time since last request: 0.000021 seconds.
  path: Assets/SlimUI/Tech Menu/Graphics/Corner Back.png
  artifactKey: Guid(e7d2e721f91825848b85bbd1391efa20) Importer(815301076,1909f56bfc062723c751e8b465ee728b)
Start importing Assets/SlimUI/Tech Menu/Graphics/Corner Back.png using Guid(e7d2e721f91825848b85bbd1391efa20) Importer(815301076,1909f56bfc062723c751e8b465ee728b)  -> (artifact id: 'c7ee5cdd685b2105dde8fe42e618632f') in 0.011127 seconds 
========================================================================
Received Import Request.
  Time since last request: 0.000016 seconds.
  path: Assets/SlimUI/Tech Menu/Graphics/Corner X.png
  artifactKey: Guid(5dba1fed4538ebd4eb9f68c83fd7dde1) Importer(815301076,1909f56bfc062723c751e8b465ee728b)
Start importing Assets/SlimUI/Tech Menu/Graphics/Corner X.png using Guid(5dba1fed4538ebd4eb9f68c83fd7dde1) Importer(815301076,1909f56bfc062723c751e8b465ee728b)  -> (artifact id: '6bf61ffdd22675d83c2734fd9a979312') in 0.009348 seconds 
========================================================================
Received Import Request.
  Time since last request: 0.000029 seconds.
  path: Assets/PlayFabEditorExtensions/Editor/UI/Images/checkmark_on.png
  artifactKey: Guid(a2f13c216f2649d49b892cade7f4e5f0) Importer(815301076,1909f56bfc062723c751e8b465ee728b)
Start importing Assets/PlayFabEditorExtensions/Editor/UI/Images/checkmark_on.png using Guid(a2f13c216f2649d49b892cade7f4e5f0) Importer(815301076,1909f56bfc062723c751e8b465ee728b)  -> (artifact id: '059508f4fa0e22355b927cfc67fc79f4') in 0.010787 seconds 
========================================================================
Received Import Request.
  Time since last request: 0.000028 seconds.
  path: Assets/SlimUI/Tech Menu/Graphics/Corner Move.png
  artifactKey: Guid(9a9e97c2b2e62ef48bc2eacc8d92cd56) Importer(815301076,1909f56bfc062723c751e8b465ee728b)
Start importing Assets/SlimUI/Tech Menu/Graphics/Corner Move.png using Guid(9a9e97c2b2e62ef48bc2eacc8d92cd56) Importer(815301076,1909f56bfc062723c751e8b465ee728b)  -> (artifact id: '2174ef59b5e0c017a0c9ae254177710b') in 0.010569 seconds 
========================================================================
Received Import Request.
  Time since last request: 0.000016 seconds.
  path: Assets/Photon/PhotonUnityNetworking/Demos/Shared Assets/Skin/BoxOrange.png
  artifactKey: Guid(13548d8d0fcb5c44b8044ce08a99c697) Importer(815301076,1909f56bfc062723c751e8b465ee728b)
Start importing Assets/Photon/PhotonUnityNetworking/Demos/Shared Assets/Skin/BoxOrange.png using Guid(13548d8d0fcb5c44b8044ce08a99c697) Importer(815301076,1909f56bfc062723c751e8b465ee728b)  -> (artifact id: '77d1d94d2847ff96ff4142e6d7f8e288') in 0.007090 seconds 
========================================================================
Received Import Request.
  Time since last request: 0.000019 seconds.
  path: Assets/Photon/PhotonVoice/Demos/DemoVoicePun/Standard Assets/CrossPlatformInput/Sprites/ButtonThumbstickUpSprite.png
  artifactKey: Guid(9866a92691696b346901281f2b329034) Importer(815301076,1909f56bfc062723c751e8b465ee728b)
Start importing Assets/Photon/PhotonVoice/Demos/DemoVoicePun/Standard Assets/CrossPlatformInput/Sprites/ButtonThumbstickUpSprite.png using Guid(9866a92691696b346901281f2b329034) Importer(815301076,1909f56bfc062723c751e8b465ee728b)  -> (artifact id: '6bed50d67b38d15a5e8f7b7cf9b06a0e') in 0.015301 seconds 
========================================================================
Received Import Request.
  Time since last request: 0.000021 seconds.
  path: Assets/Photon/PhotonUnityNetworking/Demos/Shared Assets/Skin/BoxTextHover.png
  artifactKey: Guid(13154691f37c1884c865b54d8bd29d6e) Importer(815301076,1909f56bfc062723c751e8b465ee728b)
Start importing Assets/Photon/PhotonUnityNetworking/Demos/Shared Assets/Skin/BoxTextHover.png using Guid(13154691f37c1884c865b54d8bd29d6e) Importer(815301076,1909f56bfc062723c751e8b465ee728b)  -> (artifact id: 'f57172f0d70ad0552a6a464ffd27cbd6') in 0.008294 seconds 
========================================================================
Received Import Request.
  Time since last request: 0.000019 seconds.
  path: Assets/Photon/PhotonVoice/Demos/DemoVoiceUI/Media/barsHorizontal.png
  artifactKey: Guid(055458b32c82031478126740cfeff8b5) Importer(815301076,1909f56bfc062723c751e8b465ee728b)
Start importing Assets/Photon/PhotonVoice/Demos/DemoVoiceUI/Media/barsHorizontal.png using Guid(055458b32c82031478126740cfeff8b5) Importer(815301076,1909f56bfc062723c751e8b465ee728b)  -> (artifact id: 'f0a3e91d1e55b7f9de7897fa4e213813') in 0.017649 seconds 
========================================================================
Received Import Request.
  Time since last request: 0.000022 seconds.
  path: Assets/PlayFabEditorExtensions/Editor/UI/Images/checkmark.png
  artifactKey: Guid(1f806a850e4ff264eafc4935f65793b8) Importer(815301076,1909f56bfc062723c751e8b465ee728b)
Start importing Assets/PlayFabEditorExtensions/Editor/UI/Images/checkmark.png using Guid(1f806a850e4ff264eafc4935f65793b8) Importer(815301076,1909f56bfc062723c751e8b465ee728b)  -> (artifact id: '1e036a5f419088dbbe49873fa9d0bb96') in 0.012081 seconds 
========================================================================
Received Import Request.
  Time since last request: 0.000027 seconds.
  path: Assets/PlayFabEditorExtensions/Editor/UI/Images/Clear.png
  artifactKey: Guid(d03222342209e43daaf2ca8d1364e47a) Importer(815301076,1909f56bfc062723c751e8b465ee728b)
Start importing Assets/PlayFabEditorExtensions/Editor/UI/Images/Clear.png using Guid(d03222342209e43daaf2ca8d1364e47a) Importer(815301076,1909f56bfc062723c751e8b465ee728b)  -> (artifact id: '3b56e68a3bbddc65316418f1e93934ed') in 0.006420 seconds 
========================================================================
Received Import Request.
  Time since last request: 0.000015 seconds.
  path: Assets/Photon/PhotonUnityNetworking/Code/Editor/CopyIconPro.png
  artifactKey: Guid(81b8e0c5ffa3345b7aa3af3a2c0257ce) Importer(815301076,1909f56bfc062723c751e8b465ee728b)
Start importing Assets/Photon/PhotonUnityNetworking/Code/Editor/CopyIconPro.png using Guid(81b8e0c5ffa3345b7aa3af3a2c0257ce) Importer(815301076,1909f56bfc062723c751e8b465ee728b)  -> (artifact id: '138305c40cd349033a148d648805e151') in 0.007016 seconds 
========================================================================
Received Import Request.
  Time since last request: 0.000015 seconds.
  path: Assets/SlimUI/Tech Menu/Graphics/BarFade.png
  artifactKey: Guid(af61b345092f5db47a7707a72e78e0b9) Importer(815301076,1909f56bfc062723c751e8b465ee728b)
Start importing Assets/SlimUI/Tech Menu/Graphics/BarFade.png using Guid(af61b345092f5db47a7707a72e78e0b9) Importer(815301076,1909f56bfc062723c751e8b465ee728b)  -> (artifact id: 'a16ee305642abdc98401bfe15e9bf38b') in 0.025344 seconds 
========================================================================
Received Import Request.
  Time since last request: 0.000015 seconds.
  path: Assets/Photon/PhotonUnityNetworking/Code/Editor/CopyIcon.png
  artifactKey: Guid(d1228d93299ce47a8a5ac1a33513aeaf) Importer(815301076,1909f56bfc062723c751e8b465ee728b)
Start importing Assets/Photon/PhotonUnityNetworking/Code/Editor/CopyIcon.png using Guid(d1228d93299ce47a8a5ac1a33513aeaf) Importer(815301076,1909f56bfc062723c751e8b465ee728b)  -> (artifact id: 'c370523c3dae2a3825c0846c22bd5c07') in 0.006031 seconds 
========================================================================
Received Import Request.
  Time since last request: 0.000022 seconds.
  path: Assets/Photon/PhotonUnityNetworking/Demos/Shared Assets/Skin/BoxOrangeRed.png
  artifactKey: Guid(72708a25103c3fe4f9074f7296e86b7a) Importer(815301076,1909f56bfc062723c751e8b465ee728b)
Start importing Assets/Photon/PhotonUnityNetworking/Demos/Shared Assets/Skin/BoxOrangeRed.png using Guid(72708a25103c3fe4f9074f7296e86b7a) Importer(815301076,1909f56bfc062723c751e8b465ee728b)  -> (artifact id: 'c16ad8837b98de96503d221cdcca2c59') in 0.006404 seconds 
========================================================================
Received Import Request.
  Time since last request: 0.562851 seconds.
  path: Assets/OccaSoftware/MassiveCrosshairBundle/Art/Textures/Crosshair_01.png
  artifactKey: Guid(56f433345b1faa64eb50cdb197d34f71) Importer(815301076,1909f56bfc062723c751e8b465ee728b)
Start importing Assets/OccaSoftware/MassiveCrosshairBundle/Art/Textures/Crosshair_01.png using Guid(56f433345b1faa64eb50cdb197d34f71) Importer(815301076,1909f56bfc062723c751e8b465ee728b)  -> (artifact id: 'e31239f2accfde35be6f85c9b7df067d') in 0.007973 seconds 
========================================================================
Received Import Request.
  Time since last request: 0.000013 seconds.
  path: Assets/OccaSoftware/MassiveCrosshairBundle/Art/Textures/Crosshair_04.png
  artifactKey: Guid(b8e78032f8af0954784d1fe9e5a09187) Importer(815301076,1909f56bfc062723c751e8b465ee728b)
Start importing Assets/OccaSoftware/MassiveCrosshairBundle/Art/Textures/Crosshair_04.png using Guid(b8e78032f8af0954784d1fe9e5a09187) Importer(815301076,1909f56bfc062723c751e8b465ee728b)  -> (artifact id: 'd8f8e533499692a1c8912abc8a3e55db') in 0.007319 seconds 
========================================================================
Received Import Request.
  Time since last request: 0.021382 seconds.
  path: Assets/OccaSoftware/MassiveCrosshairBundle/Art/Textures/Crosshair_06.png
  artifactKey: Guid(b889ef0124f73fa4298de5e962dac98b) Importer(815301076,1909f56bfc062723c751e8b465ee728b)
Start importing Assets/OccaSoftware/MassiveCrosshairBundle/Art/Textures/Crosshair_06.png using Guid(b889ef0124f73fa4298de5e962dac98b) Importer(815301076,1909f56bfc062723c751e8b465ee728b)  -> (artifact id: 'e9079bb72d0ec7ba8eab08cb086dcc01') in 0.006868 seconds 
========================================================================
Received Import Request.
  Time since last request: 0.000013 seconds.
  path: Assets/OccaSoftware/MassiveCrosshairBundle/Art/Textures/Crosshair_10.png
  artifactKey: Guid(bfb6bd7e8471f5442bd8e524bdda3380) Importer(815301076,1909f56bfc062723c751e8b465ee728b)
Start importing Assets/OccaSoftware/MassiveCrosshairBundle/Art/Textures/Crosshair_10.png using Guid(bfb6bd7e8471f5442bd8e524bdda3380) Importer(815301076,1909f56bfc062723c751e8b465ee728b)  -> (artifact id: 'b4cf692d3deec1e5cd61626b98d151dd') in 0.007293 seconds 
========================================================================
Received Import Request.
  Time since last request: 0.294453 seconds.
  path: Assets/OccaSoftware/MassiveCrosshairBundle/Art/Textures/Crosshair_11.png
  artifactKey: Guid(dc7eb94056b536a4a9f810db7b171332) Importer(815301076,1909f56bfc062723c751e8b465ee728b)
Start importing Assets/OccaSoftware/MassiveCrosshairBundle/Art/Textures/Crosshair_11.png using Guid(dc7eb94056b536a4a9f810db7b171332) Importer(815301076,1909f56bfc062723c751e8b465ee728b)  -> (artifact id: '2b7686919adaf0b27d9324050ab1288f') in 0.007374 seconds 
========================================================================
Received Import Request.
  Time since last request: 0.000018 seconds.
  path: Assets/OccaSoftware/MassiveCrosshairBundle/Art/Textures/Crosshair_13.png
  artifactKey: Guid(b493e9a4650e7ec4cb70cf682d680f1e) Importer(815301076,1909f56bfc062723c751e8b465ee728b)
Start importing Assets/OccaSoftware/MassiveCrosshairBundle/Art/Textures/Crosshair_13.png using Guid(b493e9a4650e7ec4cb70cf682d680f1e) Importer(815301076,1909f56bfc062723c751e8b465ee728b)  -> (artifact id: '46986b4ba101cc450ff67914d6b22915') in 0.006521 seconds 
========================================================================
Received Import Request.
  Time since last request: 0.002283 seconds.
  path: Assets/OccaSoftware/MassiveCrosshairBundle/Art/Textures/Crosshair_16.png
  artifactKey: Guid(743aae4b5553cb24eb7caf0bce1a4128) Importer(815301076,1909f56bfc062723c751e8b465ee728b)
Start importing Assets/OccaSoftware/MassiveCrosshairBundle/Art/Textures/Crosshair_16.png using Guid(743aae4b5553cb24eb7caf0bce1a4128) Importer(815301076,1909f56bfc062723c751e8b465ee728b)  -> (artifact id: 'bc0fe8a8be23eaad2d6aecab0eea8079') in 0.006449 seconds 
========================================================================
Received Import Request.
  Time since last request: 0.000016 seconds.
  path: Assets/OccaSoftware/MassiveCrosshairBundle/Art/Textures/Crosshair_23.png
  artifactKey: Guid(e7e80d39e3e102147a3be13caa7cd3d7) Importer(815301076,1909f56bfc062723c751e8b465ee728b)
Start importing Assets/OccaSoftware/MassiveCrosshairBundle/Art/Textures/Crosshair_23.png using Guid(e7e80d39e3e102147a3be13caa7cd3d7) Importer(815301076,1909f56bfc062723c751e8b465ee728b)  -> (artifact id: '19f37e61cc76bf0f43eb1c31aa23068e') in 0.006634 seconds 
========================================================================
Received Import Request.
  Time since last request: 0.000018 seconds.
  path: Assets/OccaSoftware/MassiveCrosshairBundle/Art/Textures/Crosshair_21.png
  artifactKey: Guid(a8e5031638aa2204082c6f51d5fe1edb) Importer(815301076,1909f56bfc062723c751e8b465ee728b)
Start importing Assets/OccaSoftware/MassiveCrosshairBundle/Art/Textures/Crosshair_21.png using Guid(a8e5031638aa2204082c6f51d5fe1edb) Importer(815301076,1909f56bfc062723c751e8b465ee728b)  -> (artifact id: '30515c55c1cd5df14d52c0a352b62026') in 0.006335 seconds 
========================================================================
Received Import Request.
  Time since last request: 0.000027 seconds.
  path: Assets/OccaSoftware/MassiveCrosshairBundle/Art/Textures/Crosshair_18.png
  artifactKey: Guid(11e5ab06858788e4283a67ae91eca8b5) Importer(815301076,1909f56bfc062723c751e8b465ee728b)
Start importing Assets/OccaSoftware/MassiveCrosshairBundle/Art/Textures/Crosshair_18.png using Guid(11e5ab06858788e4283a67ae91eca8b5) Importer(815301076,1909f56bfc062723c751e8b465ee728b)  -> (artifact id: '22242cb9d7cef39f06f6346ff669970d') in 0.007084 seconds 
========================================================================
Received Import Request.
  Time since last request: 0.000034 seconds.
  path: Assets/OccaSoftware/MassiveCrosshairBundle/Art/Textures/Crosshair_24.png
  artifactKey: Guid(6f6c2d827b5ed454b90a1529cefe9041) Importer(815301076,1909f56bfc062723c751e8b465ee728b)
Start importing Assets/OccaSoftware/MassiveCrosshairBundle/Art/Textures/Crosshair_24.png using Guid(6f6c2d827b5ed454b90a1529cefe9041) Importer(815301076,1909f56bfc062723c751e8b465ee728b)  -> (artifact id: 'dee541957d9704993f839b53ef939a2c') in 0.007202 seconds 
========================================================================
Received Import Request.
  Time since last request: 5.204404 seconds.
  path: Assets/OccaSoftware/MassiveCrosshairBundle/Art/Textures/Crosshair_27.png
  artifactKey: Guid(7789b657ea330f94d9b70d6d4a117aed) Importer(815301076,1909f56bfc062723c751e8b465ee728b)
Start importing Assets/OccaSoftware/MassiveCrosshairBundle/Art/Textures/Crosshair_27.png using Guid(7789b657ea330f94d9b70d6d4a117aed) Importer(815301076,1909f56bfc062723c751e8b465ee728b)  -> (artifact id: 'b95645b369a8184a5cccef8376331e27') in 0.014888 seconds 
========================================================================
Received Import Request.
  Time since last request: 0.000016 seconds.
  path: Assets/PlayFabEditorExtensions/Editor/UI/Images/dn_colored.png
  artifactKey: Guid(d396473974f984567a8e398f1ebd9ec9) Importer(815301076,1909f56bfc062723c751e8b465ee728b)
Start importing Assets/PlayFabEditorExtensions/Editor/UI/Images/dn_colored.png using Guid(d396473974f984567a8e398f1ebd9ec9) Importer(815301076,1909f56bfc062723c751e8b465ee728b)  -> (artifact id: '3966e8f19bfb4f5b8a210f263f1dcea2') in 0.012078 seconds 
========================================================================
Received Import Request.
  Time since last request: 0.011205 seconds.
  path: Assets/PlayFabEditorExtensions/Editor/UI/Images/dn_gray.png
  artifactKey: Guid(677a55eab8f234e688ec4c6be70208bb) Importer(815301076,1909f56bfc062723c751e8b465ee728b)
Start importing Assets/PlayFabEditorExtensions/Editor/UI/Images/dn_gray.png using Guid(677a55eab8f234e688ec4c6be70208bb) Importer(815301076,1909f56bfc062723c751e8b465ee728b)  -> (artifact id: 'e6878e76f9290f3309db8e7da78cbf68') in 0.007145 seconds 
========================================================================
Received Import Request.
  Time since last request: 0.000035 seconds.
  path: Assets/Photon/PhotonUnityNetworking/Demos/Shared Assets/Skin/DropDown Arrow.png
  artifactKey: Guid(936345f7fc3934efa8119a8700d904c7) Importer(815301076,1909f56bfc062723c751e8b465ee728b)
Start importing Assets/Photon/PhotonUnityNetworking/Demos/Shared Assets/Skin/DropDown Arrow.png using Guid(936345f7fc3934efa8119a8700d904c7) Importer(815301076,1909f56bfc062723c751e8b465ee728b)  -> (artifact id: 'bdafbb7c55ffbc32d2ef430863f528f8') in 0.009684 seconds 
========================================================================
Received Import Request.
  Time since last request: 0.353557 seconds.
  path: Assets/Photon/PhotonUnityNetworking/Demos/DemoAsteroids/Textures/FlyerAsteroidEmissive.tif
  artifactKey: Guid(bfc02e2f0447eaf4190d17879193f0e2) Importer(815301076,1909f56bfc062723c751e8b465ee728b)
Start importing Assets/Photon/PhotonUnityNetworking/Demos/DemoAsteroids/Textures/FlyerAsteroidEmissive.tif using Guid(bfc02e2f0447eaf4190d17879193f0e2) Importer(815301076,1909f56bfc062723c751e8b465ee728b)  -> (artifact id: 'cac998581761fd1595f0103f01f1ec1a') in 0.012699 seconds 
========================================================================
Received Import Request.
  Time since last request: 0.019825 seconds.
  path: Assets/TextMesh Pro/Fonts/LiberationSans.ttf
  artifactKey: Guid(e3265ab4bf004d28a9537516768c1c75) Importer(815301076,1909f56bfc062723c751e8b465ee728b)
Start importing Assets/TextMesh Pro/Fonts/LiberationSans.ttf using Guid(e3265ab4bf004d28a9537516768c1c75) Importer(815301076,1909f56bfc062723c751e8b465ee728b)  -> (artifact id: 'f3bd036785823e2281556a384dd6489b') in 0.036511 seconds 
========================================================================
Received Import Request.
  Time since last request: 0.942873 seconds.
  path: Assets/Photon/PhotonUnityNetworking/Demos/Shared Assets/Textures/Gradient.png
  artifactKey: Guid(4ca1824a2e144f043b9eb7d6e3777659) Importer(815301076,1909f56bfc062723c751e8b465ee728b)
Start importing Assets/Photon/PhotonUnityNetworking/Demos/Shared Assets/Textures/Gradient.png using Guid(4ca1824a2e144f043b9eb7d6e3777659) Importer(815301076,1909f56bfc062723c751e8b465ee728b)  -> (artifact id: 'ea66170bbc8407474698ad9a1ffc8d4b') in 0.007922 seconds 
========================================================================
Received Import Request.
  Time since last request: 0.000018 seconds.
  path: Assets/Photon/PhotonVoice/Demos/DemoVoicePun/Textures/HellephantEmissive.png
  artifactKey: Guid(f0b5213189232764daf08b2e7ad112f5) Importer(815301076,1909f56bfc062723c751e8b465ee728b)
Start importing Assets/Photon/PhotonVoice/Demos/DemoVoicePun/Textures/HellephantEmissive.png using Guid(f0b5213189232764daf08b2e7ad112f5) Importer(815301076,1909f56bfc062723c751e8b465ee728b)  -> (artifact id: '4339cd5b52d7571023c2a61bf8d599bb') in 0.015751 seconds 
========================================================================
Received Import Request.
  Time since last request: 0.000015 seconds.
  path: Assets/PlayFabEditorExtensions/Editor/UI/Images/Gray_lt2.png
  artifactKey: Guid(14a4e823a9ef94dc18a71decc8453380) Importer(815301076,1909f56bfc062723c751e8b465ee728b)
Start importing Assets/PlayFabEditorExtensions/Editor/UI/Images/Gray_lt2.png using Guid(14a4e823a9ef94dc18a71decc8453380) Importer(815301076,1909f56bfc062723c751e8b465ee728b)  -> (artifact id: 'd4d3c9341f0692fd6e57509ac4a65829') in 0.007232 seconds 
========================================================================
Received Import Request.
  Time since last request: 0.000022 seconds.
  path: Assets/PlayFabEditorExtensions/Editor/UI/Images/Gray_lt1.png
  artifactKey: Guid(2e064f0948b52496983fa0597fa61a0a) Importer(815301076,1909f56bfc062723c751e8b465ee728b)
Start importing Assets/PlayFabEditorExtensions/Editor/UI/Images/Gray_lt1.png using Guid(2e064f0948b52496983fa0597fa61a0a) Importer(815301076,1909f56bfc062723c751e8b465ee728b)  -> (artifact id: '3d897bb9ab0181f5718bca666d7f65d4') in 0.005802 seconds 
========================================================================
Received Import Request.
  Time since last request: 0.252005 seconds.
  path: Assets/Photon/PhotonVoice/Demos/DemoVoicePun/Textures/HellephantSpecular.tif
  artifactKey: Guid(2c38b41a69c9bdc4bbac4dbc9324dacf) Importer(815301076,1909f56bfc062723c751e8b465ee728b)
Start importing Assets/Photon/PhotonVoice/Demos/DemoVoicePun/Textures/HellephantSpecular.tif using Guid(2c38b41a69c9bdc4bbac4dbc9324dacf) Importer(815301076,1909f56bfc062723c751e8b465ee728b)  -> (artifact id: '5dbfbf4578bee3af7361e83cc5d97974') in 0.017773 seconds 
========================================================================
Received Import Request.
  Time since last request: 0.040718 seconds.
  path: Assets/TextMesh Pro/Resources/Fonts & Materials/LiberationSans SDF.asset
  artifactKey: Guid(8f586378b4e144a9851e7b34d9b748ee) Importer(815301076,1909f56bfc062723c751e8b465ee728b)
Start importing Assets/TextMesh Pro/Resources/Fonts & Materials/LiberationSans SDF.asset using Guid(8f586378b4e144a9851e7b34d9b748ee) Importer(815301076,1909f56bfc062723c751e8b465ee728b)  -> (artifact id: 'b30dea55c1985254f201eb71e5d60701') in 0.046223 seconds 
========================================================================
Received Import Request.
  Time since last request: 0.259889 seconds.
  path: Assets/PlayFabEditorExtensions/Editor/UI/Images/pfFullLogo_O.png
  artifactKey: Guid(597788bebb59e4cec8318947e1a3da3e) Importer(815301076,1909f56bfc062723c751e8b465ee728b)
Start importing Assets/PlayFabEditorExtensions/Editor/UI/Images/pfFullLogo_O.png using Guid(597788bebb59e4cec8318947e1a3da3e) Importer(815301076,1909f56bfc062723c751e8b465ee728b)  -> (artifact id: 'd161444f016f1ccb08f5f0c66bf456ee') in 0.007794 seconds 
========================================================================
Received Import Request.
  Time since last request: 0.023890 seconds.
  path: Assets/Photon/PhotonVoice/Demos/DemoVoicePun/Textures/PlayerOcclusion.png
  artifactKey: Guid(6ae2af98f5c9f0243806bfb6ccbbdd19) Importer(815301076,1909f56bfc062723c751e8b465ee728b)
Start importing Assets/Photon/PhotonVoice/Demos/DemoVoicePun/Textures/PlayerOcclusion.png using Guid(6ae2af98f5c9f0243806bfb6ccbbdd19) Importer(815301076,1909f56bfc062723c751e8b465ee728b)  -> (artifact id: 'a8a91470cd927a5142bdf3653f0f6d4e') in 0.018947 seconds 
========================================================================
Received Import Request.
  Time since last request: 0.529141 seconds.
  path: Assets/Photon/PhotonUnityNetworking/Icons/PunIconApp512.png
  artifactKey: Guid(7377013011b4c3348809ff574abe799e) Importer(815301076,1909f56bfc062723c751e8b465ee728b)
Start importing Assets/Photon/PhotonUnityNetworking/Icons/PunIconApp512.png using Guid(7377013011b4c3348809ff574abe799e) Importer(815301076,1909f56bfc062723c751e8b465ee728b)  -> (artifact id: 'dbc2338c08536f8a430f759dae6cf044') in 0.022898 seconds 
========================================================================
Received Import Request.
  Time since last request: 0.348488 seconds.
  path: Assets/Photon/PhotonUnityNetworking/Demos/Shared Assets/Textures/Robot_Color.png
  artifactKey: Guid(1fbb41709a1d9334696860db720026e5) Importer(815301076,1909f56bfc062723c751e8b465ee728b)
Start importing Assets/Photon/PhotonUnityNetworking/Demos/Shared Assets/Textures/Robot_Color.png using Guid(1fbb41709a1d9334696860db720026e5) Importer(815301076,1909f56bfc062723c751e8b465ee728b)  -> (artifact id: '459a0c6866a3a0299950cd446e87283e') in 0.018550 seconds 
========================================================================
Received Import Request.
  Time since last request: 0.000015 seconds.
  path: Assets/Photon/PhotonUnityNetworking/Demos/Shared Assets/Skin/RoundedBox.png
  artifactKey: Guid(9b2eedba1e3057e4b998cdef3d448105) Importer(815301076,1909f56bfc062723c751e8b465ee728b)
Start importing Assets/Photon/PhotonUnityNetworking/Demos/Shared Assets/Skin/RoundedBox.png using Guid(9b2eedba1e3057e4b998cdef3d448105) Importer(815301076,1909f56bfc062723c751e8b465ee728b)  -> (artifact id: '7f6b52991478289a38d9f91add1cb106') in 0.007809 seconds 
========================================================================
Received Import Request.
  Time since last request: 0.002252 seconds.
  path: Assets/SlimUI/Tech Menu/Graphics/Simple Outline Square.png
  artifactKey: Guid(9c0264d81173afd4eb8778b81048b6da) Importer(815301076,1909f56bfc062723c751e8b465ee728b)
Start importing Assets/SlimUI/Tech Menu/Graphics/Simple Outline Square.png using Guid(9c0264d81173afd4eb8778b81048b6da) Importer(815301076,1909f56bfc062723c751e8b465ee728b)  -> (artifact id: '81b15d6842ca2c529ae6c592db712eb0') in 0.026749 seconds 
========================================================================
Received Import Request.
  Time since last request: 0.000020 seconds.
  path: Assets/SlimUI/Tech Menu/Graphics/SmallWidePanel.png
  artifactKey: Guid(a2722595ea9797644bd0ac4a0bed07ac) Importer(815301076,1909f56bfc062723c751e8b465ee728b)
Start importing Assets/SlimUI/Tech Menu/Graphics/SmallWidePanel.png using Guid(a2722595ea9797644bd0ac4a0bed07ac) Importer(815301076,1909f56bfc062723c751e8b465ee728b)  -> (artifact id: '5af61b6e691fcd6beeb8adb1368ad45f') in 0.046078 seconds 
========================================================================
Received Import Request.
  Time since last request: 0.000033 seconds.
  path: Assets/SlimUI/Tech Menu/Graphics/TallPanel.png
  artifactKey: Guid(9f38587b0e50cd3409cad4db2bd0c891) Importer(815301076,1909f56bfc062723c751e8b465ee728b)
Start importing Assets/SlimUI/Tech Menu/Graphics/TallPanel.png using Guid(9f38587b0e50cd3409cad4db2bd0c891) Importer(815301076,1909f56bfc062723c751e8b465ee728b)  -> (artifact id: 'a6d0cd2ab8df71b49a00b254629bb91a') in 0.150184 seconds 
========================================================================
Received Import Request.
  Time since last request: 0.181334 seconds.
  path: Assets/Photon/PhotonUnityNetworking/Demos/Shared Assets/Skin/ToggleOn.png
  artifactKey: Guid(0520b1e88ad26ae4bb758a35cdf13a64) Importer(815301076,1909f56bfc062723c751e8b465ee728b)
Start importing Assets/Photon/PhotonUnityNetworking/Demos/Shared Assets/Skin/ToggleOn.png using Guid(0520b1e88ad26ae4bb758a35cdf13a64) Importer(815301076,1909f56bfc062723c751e8b465ee728b)  -> (artifact id: '63c10edd92f465e700566aeaceb4ceb3') in 0.008062 seconds 
========================================================================
Received Import Request.
  Time since last request: 0.000054 seconds.
  path: Assets/Photon/PhotonUnityNetworking/Demos/DemoHub/toHub.png
  artifactKey: Guid(56d51860189dbec438e8e3fba90c46cc) Importer(815301076,1909f56bfc062723c751e8b465ee728b)
Start importing Assets/Photon/PhotonUnityNetworking/Demos/DemoHub/toHub.png using Guid(56d51860189dbec438e8e3fba90c46cc) Importer(815301076,1909f56bfc062723c751e8b465ee728b)  -> (artifact id: '61e10b932c518234ed6321121f5759b4') in 0.006896 seconds 
========================================================================
Received Import Request.
  Time since last request: 0.011216 seconds.
  path: Assets/SlimUI/Tech Menu/Graphics/ToolTipExtend.png
  artifactKey: Guid(5ab626931636e6a46b576a0db3638652) Importer(815301076,1909f56bfc062723c751e8b465ee728b)
Start importing Assets/SlimUI/Tech Menu/Graphics/ToolTipExtend.png using Guid(5ab626931636e6a46b576a0db3638652) Importer(815301076,1909f56bfc062723c751e8b465ee728b)  -> (artifact id: '757ee98a3ffce6faa271416ec82d8021') in 0.122441 seconds 
========================================================================
Received Import Request.
  Time since last request: 0.689034 seconds.
  path: Assets/Photon/PhotonVoice/Icons/voice-0032.png
  artifactKey: Guid(96756fd342e07a64cbe6f2f614cb3e5d) Importer(815301076,1909f56bfc062723c751e8b465ee728b)
Start importing Assets/Photon/PhotonVoice/Icons/voice-0032.png using Guid(96756fd342e07a64cbe6f2f614cb3e5d) Importer(815301076,1909f56bfc062723c751e8b465ee728b)  -> (artifact id: '8cba3f4ea7b2e8bb7c6c4776ce1f3104') in 0.007350 seconds 
========================================================================
Received Import Request.
  Time since last request: 0.000016 seconds.
  path: Assets/Photon/PhotonVoice/Icons/voice-0128.png
  artifactKey: Guid(dd940d333aeeaa048842e87b9b259188) Importer(815301076,1909f56bfc062723c751e8b465ee728b)
Start importing Assets/Photon/PhotonVoice/Icons/voice-0128.png using Guid(dd940d333aeeaa048842e87b9b259188) Importer(815301076,1909f56bfc062723c751e8b465ee728b)  -> (artifact id: '9ed6fbe2a7fe1f299b24bb3dbae89d1b') in 0.007346 seconds 
========================================================================
Received Import Request.
  Time since last request: 0.557913 seconds.
  path: Assets/Photon/PhotonVoice/Icons/voice-1024.png
  artifactKey: Guid(1af22218d0805fb4298e18ad8068bdce) Importer(815301076,1909f56bfc062723c751e8b465ee728b)
Start importing Assets/Photon/PhotonVoice/Icons/voice-1024.png using Guid(1af22218d0805fb4298e18ad8068bdce) Importer(815301076,1909f56bfc062723c751e8b465ee728b)  -> (artifact id: '6ca7d0d57522af5b5e7e81519b66d1fb') in 0.012077 seconds 
========================================================================
Received Import Request.
  Time since last request: 0.026699 seconds.
  path: Assets/Photon/PhotonVoice/Demos/DemoVoicePun/Textures/ZomBearDiffuse.png
  artifactKey: Guid(4543a6aa9a0d7874c86b472dbe652692) Importer(815301076,1909f56bfc062723c751e8b465ee728b)
Start importing Assets/Photon/PhotonVoice/Demos/DemoVoicePun/Textures/ZomBearDiffuse.png using Guid(4543a6aa9a0d7874c86b472dbe652692) Importer(815301076,1909f56bfc062723c751e8b465ee728b)  -> (artifact id: '354fe2b75da889babd54393008041b4a') in 0.018663 seconds 
========================================================================
Received Import Request.
  Time since last request: 0.000015 seconds.
  path: Assets/Photon/PhotonVoice/Demos/DemoVoicePun/Textures/ZomBearSpecular.tif
  artifactKey: Guid(082a477a29c51434097a2cba0ae07c87) Importer(815301076,1909f56bfc062723c751e8b465ee728b)
Start importing Assets/Photon/PhotonVoice/Demos/DemoVoicePun/Textures/ZomBearSpecular.tif using Guid(082a477a29c51434097a2cba0ae07c87) Importer(815301076,1909f56bfc062723c751e8b465ee728b)  -> (artifact id: '39a3a68d530e336445584fc2ac5ebb0a') in 0.018068 seconds 
========================================================================
Received Import Request.
  Time since last request: 0.000016 seconds.
  path: Assets/Photon/PhotonVoice/Demos/DemoVoicePun/Textures/ZomBunnyOcclusion.png
  artifactKey: Guid(f592d534af6aced4784d9e55b1d3a8c7) Importer(815301076,1909f56bfc062723c751e8b465ee728b)
Start importing Assets/Photon/PhotonVoice/Demos/DemoVoicePun/Textures/ZomBunnyOcclusion.png using Guid(f592d534af6aced4784d9e55b1d3a8c7) Importer(815301076,1909f56bfc062723c751e8b465ee728b)  -> (artifact id: '8425246d1681c50e8aa31fceb6a9ce59') in 0.019919 seconds 
========================================================================
Received Prepare
Registering precompiled user dll's ...
Registered in 0.004835 seconds.
Begin MonoManager ReloadAssembly
Symbol file LoadedFromMemory doesn't match image C:\Users\OFFICE\Desktop\Multi-FPS\Multi FPS\Library\PackageCache\com.unity.visualscripting@1.7.6\Editor\VisualScripting.Core\Dependencies\DotNetZip\Unity.VisualScripting.IonicZip.dll
Symbol file LoadedFromMemory doesn't match image C:\Users\OFFICE\Desktop\Multi-FPS\Multi FPS\Library\PackageCache\com.unity.visualscripting@1.7.6\Editor\VisualScripting.Core\Dependencies\YamlDotNet\Unity.VisualScripting.YamlDotNet.dll
Native extension for WindowsStandalone target not found
Native extension for iOS target not found
Refreshing native plugins compatible for Editor in 0.91 ms, found 6 plugins.
Preloading 0 native plugins for Editor in 0.00 ms.
Mono: successfully reloaded assembly
- Completed reload, in  0.997 seconds
Domain Reload Profiling:
	ReloadAssembly (998ms)
		BeginReloadAssembly (119ms)
			ExecutionOrderSort (0ms)
			DisableScriptedObjects (4ms)
			BackupInstance (0ms)
			ReleaseScriptingObjects (0ms)
			CreateAndSetChildDomain (42ms)
		EndReloadAssembly (802ms)
			LoadAssemblies (70ms)
			RebuildTransferFunctionScriptingTraits (0ms)
			SetupTypeCache (229ms)
			ReleaseScriptCaches (1ms)
			RebuildScriptCaches (41ms)
			SetupLoadedEditorAssemblies (421ms)
				LogAssemblyErrors (0ms)
				InitializePlatformSupportModulesInManaged (23ms)
				SetLoadedEditorAssemblies (0ms)
				RefreshPlugins (1ms)
				BeforeProcessingInitializeOnLoad (59ms)
				ProcessInitializeOnLoadAttributes (307ms)
				ProcessInitializeOnLoadMethodAttributes (25ms)
				AfterProcessingInitializeOnLoad (4ms)
				EditorAssembliesLoaded (0ms)
			ExecutionOrderSort2 (0ms)
			AwakeInstancesAfterBackupRestoration (6ms)
Platform modules already initialized, skipping
Refreshing native plugins compatible for Editor in 4.12 ms, found 6 plugins.
Preloading 0 native plugins for Editor in 0.00 ms.
Unloading 3895 Unused Serialized files (Serialized files now loaded: 0)
Unloading 61 unused Assets / (172.0 KB). Loaded Objects now: 4482.
Memory consumption went from 146.1 MB to 145.9 MB.
Total: 3.025000 ms (FindLiveObjects: 0.327600 ms CreateObjectMapping: 0.243700 ms MarkObjects: 2.269200 ms  DeleteObjects: 0.183500 ms)

AssetImportParameters requested are different than current active one (requested -> active):
  custom:video-decoder-ogg-theora: a1e56fd34408186e4bbccfd4996cb3dc -> 
  custom:container-muxer-webm: aa71ff27fc2769a1b78a27578f13a17b -> 
  custom:container-demuxer-webm: 4f35f7cbe854078d1ac9338744f61a02 -> 
  custom:video-encoder-webm-vp8: eb34c28f22e8b96e1ab97ce403110664 -> 
  custom:audio-encoder-webm-vorbis: bf7c407c2cedff20999df2af8eb42d56 -> 
  custom:framework-win-MediaFoundation: 216162199b28c13a410421893ffa2e32 -> 
  custom:container-demuxer-ogg: 62fdf1f143b41e24485cea50d1cbac27 -> 
  custom:video-decoder-webm-vp8: 9c59270c3fd7afecdb556c50c9e8de78 -> 
  custom:audio-decoder-ogg-vorbis: bf7c407c2cedff20999df2af8eb42d56 -> 
Editor requested this worker to shutdown with reason: Scaling down because of idle timeout
AssetImportWorker is now disconnected from the server
Process exiting
Exiting without the bug reporter. Application will terminate with return code 0